[2024-12-06 08:35:54,946][DEBUG] any debug message - [id:10][instance:1] - [COMP-7][file-9.c][function-10][ln:980]
[2024-12-06 08:35:56,150][INFO] any info message - [id:10][instance:2] - [COMP-13][file-11.c][function-2][ln:136]
[2024-12-06 08:35:57,652][INFO] any info message - [id:10][instance:1] - [COMP-9][file-4.c][function-4][ln:112]
[2024-12-06 08:35:59,154][INFO] any info message - [id:10][instance:4] - [COMP-6][file-7.c][function-9][ln:749]
[2024-12-06 08:36:00,656][INFO] any info message - [id:10][instance:4] - [COMP-1][file-5.c][function-7][ln:928]
[2024-12-06 08:36:02,156][INFO] any info message - [id:10][instance:1] - [COMP-2][file-12.c][function-13][ln:412]
[2024-12-06 08:36:03,659][INFO] any info message - [id:10][instance:1] - [COMP-7][file-11.c][function-13][ln:330]
[2024-12-06 08:36:05,162][INFO] any info message - [id:10][instance:1] - [COMP-5][file-10.c][function-12][ln:744]
[2024-12-06 08:36:06,664][INFO] any info message - [id:10][instance:5] - [COMP-2][file-5.c][function-9][ln:232]
[2024-12-06 08:36:08,165][INFO] any info message - [id:10][instance:4] - [COMP-9][file-8.c][function-2][ln:144]
[2024-12-06 08:36:09,666][INFO] any info message - [id:10][instance:3] - [COMP-10][file-9.c][function-8][ln:998]
[2024-12-06 08:36:09,952][DEBUG] any debug message - [id:10][instance:3] - [COMP-10][file-13.c][function-7][ln:600]
[2024-12-06 08:36:11,190][INFO] any info message - [id:10][instance:4] - [COMP-5][file-12.c][function-7][ln:835]
[2024-12-06 08:36:12,691][INFO] any info message - [id:10][instance:7] - [COMP-13][file-12.c][function-10][ln:850]
[2024-12-06 08:36:13,605][WARNING] Here is a warning message - [id:10][instance:6] - [COMP-6][file-9.c][function-13][ln:825]
[2024-12-06 08:36:14,192][INFO] any info message - [id:10][instance:3] - [COMP-6][file-7.c][function-13][ln:722]
[2024-12-06 08:36:15,707][INFO] any info message - [id:10][instance:7] - [COMP-11][file-12.c][function-2][ln:865]
[2024-12-06 08:36:17,209][INFO] any info message - [id:10][instance:1] - [COMP-1][file-5.c][function-3][ln:953]
[2024-12-06 08:36:18,710][INFO] any info message - [id:10][instance:6] - [COMP-4][file-2.c][function-11][ln:65]
[2024-12-06 08:36:20,212][INFO] any info message - [id:10][instance:3] - [COMP-13][file-4.c][function-12][ln:392]
[2024-12-06 08:36:21,728][INFO] any info message - [id:10][instance:4] - [COMP-9][file-1.c][function-6][ln:484]
[2024-12-06 08:36:23,229][INFO] any info message - [id:10][instance:7] - [COMP-7][file-3.c][function-1][ln:628]
[2024-12-06 08:36:24,730][INFO] any info message - [id:10][instance:4] - [COMP-2][file-8.c][function-3][ln:590]
[2024-12-06 08:36:24,952][DEBUG] any debug message - [id:10][instance:3] - [COMP-3][file-2.c][function-3][ln:163]
[2024-12-06 08:36:26,232][INFO] any info message - [id:10][instance:3] - [COMP-6][file-5.c][function-7][ln:531]
[2024-12-06 08:36:27,733][INFO] any info message - [id:10][instance:1] - [COMP-1][file-10.c][function-13][ln:540]
[2024-12-06 08:36:27,833][CRITICAL] ATTENTION: This is a critical issue! - [id:10][instance:3] - [COMP-11][file-5.c][function-4][ln:758]
[2024-12-06 08:36:29,237][INFO] any info message - [id:10][instance:5] - [COMP-10][file-13.c][function-3][ln:461]
[2024-12-06 08:36:30,739][INFO] any info message - [id:10][instance:4] - [COMP-10][file-1.c][function-7][ln:598]
[2024-12-06 08:36:32,240][INFO] any info message - [id:10][instance:1] - [COMP-12][file-4.c][function-10][ln:11]
[2024-12-06 08:36:32,913][ERROR] It is an error message - [id:10][instance:4] - [COMP-3][file-2.c][function-10][ln:478]
[2024-12-06 08:36:33,742][INFO] any info message - [id:10][instance:3] - [COMP-8][file-1.c][function-9][ln:812]
[2024-12-06 08:36:35,244][INFO] any info message - [id:10][instance:4] - [COMP-13][file-6.c][function-13][ln:860]
[2024-12-06 08:36:36,746][INFO] any info message - [id:10][instance:5] - [COMP-11][file-6.c][function-1][ln:52]
[2024-12-06 08:36:38,247][INFO] any info message - [id:10][instance:5] - [COMP-10][file-7.c][function-9][ln:916]
[2024-12-06 08:36:39,749][INFO] any info message - [id:10][instance:5] - [COMP-5][file-6.c][function-12][ln:11]
[2024-12-06 08:36:39,954][DEBUG] any debug message - [id:10][instance:1] - [COMP-6][file-4.c][function-1][ln:475]
[2024-12-06 08:36:41,250][INFO] any info message - [id:10][instance:5] - [COMP-11][file-6.c][function-10][ln:323]
[2024-12-06 08:36:42,750][INFO] any info message - [id:10][instance:6] - [COMP-13][file-9.c][function-13][ln:569]
[2024-12-06 08:36:43,613][WARNING] Here is a warning message - [id:10][instance:3] - [COMP-13][file-12.c][function-12][ln:352]
[2024-12-06 08:36:44,251][INFO] any info message - [id:10][instance:3] - [COMP-2][file-8.c][function-6][ln:137]
[2024-12-06 08:36:45,753][INFO] any info message - [id:10][instance:7] - [COMP-11][file-1.c][function-5][ln:435]
[2024-12-06 08:36:47,254][INFO] any info message - [id:10][instance:2] - [COMP-11][file-6.c][function-2][ln:913]
[2024-12-06 08:36:48,761][INFO] any info message - [id:10][instance:4] - [COMP-1][file-11.c][function-3][ln:170]
[2024-12-06 08:36:50,263][INFO] any info message - [id:10][instance:4] - [COMP-2][file-1.c][function-9][ln:638]
[2024-12-06 08:36:51,764][INFO] any info message - [id:10][instance:5] - [COMP-11][file-6.c][function-7][ln:830]
[2024-12-06 08:36:53,265][INFO] any info message - [id:10][instance:4] - [COMP-4][file-6.c][function-10][ln:351]
[2024-12-06 08:36:54,766][INFO] any info message - [id:10][instance:4] - [COMP-4][file-11.c][function-8][ln:599]
[2024-12-06 08:36:54,954][DEBUG] any debug message - [id:10][instance:1] - [COMP-5][file-4.c][function-1][ln:150]
[2024-12-06 08:36:56,268][INFO] any info message - [id:10][instance:5] - [COMP-4][file-4.c][function-7][ln:806]
[2024-12-06 08:36:57,770][INFO] any info message - [id:10][instance:3] - [COMP-12][file-6.c][function-3][ln:83]
[2024-12-06 08:36:59,272][INFO] any info message - [id:10][instance:5] - [COMP-5][file-10.c][function-1][ln:405]
[2024-12-06 08:37:00,774][INFO] any info message - [id:10][instance:1] - [COMP-13][file-1.c][function-11][ln:672]
[2024-12-06 08:37:02,277][INFO] any info message - [id:10][instance:4] - [COMP-4][file-9.c][function-1][ln:69]
[2024-12-06 08:37:03,778][INFO] any info message - [id:10][instance:3] - [COMP-10][file-5.c][function-1][ln:258]
[2024-12-06 08:37:05,280][INFO] any info message - [id:10][instance:2] - [COMP-13][file-4.c][function-8][ln:973]
[2024-12-06 08:37:06,781][INFO] any info message - [id:10][instance:6] - [COMP-13][file-2.c][function-10][ln:501]
[2024-12-06 08:37:08,296][INFO] any info message - [id:10][instance:4] - [COMP-8][file-6.c][function-10][ln:540]
[2024-12-06 08:37:09,797][INFO] any info message - [id:10][instance:1] - [COMP-1][file-6.c][function-10][ln:725]
[2024-12-06 08:37:09,956][DEBUG] any debug message - [id:10][instance:4] - [COMP-3][file-3.c][function-13][ln:839]
[2024-12-06 08:37:11,298][INFO] any info message - [id:10][instance:4] - [COMP-9][file-8.c][function-1][ln:906]
[2024-12-06 08:37:12,799][INFO] any info message - [id:10][instance:4] - [COMP-13][file-1.c][function-10][ln:999]
[2024-12-06 08:37:13,614][WARNING] Here is a warning message - [id:10][instance:1] - [COMP-7][file-2.c][function-10][ln:801]
[2024-12-06 08:37:14,303][INFO] any info message - [id:10][instance:4] - [COMP-11][file-1.c][function-7][ln:291]
[2024-12-06 08:37:15,807][INFO] any info message - [id:10][instance:5] - [COMP-7][file-10.c][function-1][ln:270]
[2024-12-06 08:37:17,308][INFO] any info message - [id:10][instance:1] - [COMP-1][file-10.c][function-5][ln:655]
[2024-12-06 08:37:18,811][INFO] any info message - [id:10][instance:2] - [COMP-12][file-10.c][function-1][ln:833]
[2024-12-06 08:37:20,312][INFO] any info message - [id:10][instance:1] - [COMP-2][file-1.c][function-2][ln:801]
[2024-12-06 08:37:21,820][INFO] any info message - [id:10][instance:3] - [COMP-3][file-8.c][function-7][ln:765]
[2024-12-06 08:37:23,324][INFO] any info message - [id:10][instance:3] - [COMP-10][file-8.c][function-3][ln:148]
[2024-12-06 08:37:24,826][INFO] any info message - [id:10][instance:2] - [COMP-5][file-5.c][function-4][ln:739]
[2024-12-06 08:37:24,957][DEBUG] any debug message - [id:10][instance:2] - [COMP-5][file-10.c][function-7][ln:770]
[2024-12-06 08:37:26,327][INFO] any info message - [id:10][instance:5] - [COMP-3][file-5.c][function-10][ln:16]
[2024-12-06 08:37:27,827][INFO] any info message - [id:10][instance:1] - [COMP-9][file-4.c][function-9][ln:464]
[2024-12-06 08:37:29,329][INFO] any info message - [id:10][instance:7] - [COMP-1][file-12.c][function-3][ln:529]
[2024-12-06 08:37:30,830][INFO] any info message - [id:10][instance:7] - [COMP-13][file-11.c][function-2][ln:985]
[2024-12-06 08:37:32,331][INFO] any info message - [id:10][instance:4] - [COMP-7][file-1.c][function-2][ln:287]
[2024-12-06 08:37:32,914][ERROR] It is an error message - [id:10][instance:4] - [COMP-6][file-11.c][function-6][ln:304]
[2024-12-06 08:37:33,842][INFO] any info message - [id:10][instance:3] - [COMP-10][file-6.c][function-11][ln:808]
[2024-12-06 08:37:35,343][INFO] any info message - [id:10][instance:5] - [COMP-5][file-13.c][function-9][ln:609]
[2024-12-06 08:37:36,846][INFO] any info message - [id:10][instance:7] - [COMP-5][file-3.c][function-4][ln:163]
[2024-12-06 08:37:38,347][INFO] any info message - [id:10][instance:7] - [COMP-2][file-4.c][function-12][ln:692]
[2024-12-06 08:37:39,850][INFO] any info message - [id:10][instance:5] - [COMP-13][file-11.c][function-2][ln:427]
[2024-12-06 08:37:39,959][DEBUG] any debug message - [id:10][instance:2] - [COMP-11][file-8.c][function-10][ln:788]
[2024-12-06 08:37:41,353][INFO] any info message - [id:10][instance:7] - [COMP-12][file-2.c][function-5][ln:420]
[2024-12-06 08:37:42,855][INFO] any info message - [id:10][instance:7] - [COMP-5][file-4.c][function-12][ln:347]
[2024-12-06 08:37:43,617][WARNING] Here is a warning message - [id:10][instance:4] - [COMP-11][file-13.c][function-7][ln:76]
[2024-12-06 08:37:44,356][INFO] any info message - [id:10][instance:7] - [COMP-13][file-13.c][function-6][ln:853]
[2024-12-06 08:37:45,857][INFO] any info message - [id:10][instance:5] - [COMP-3][file-7.c][function-3][ln:85]
[2024-12-06 08:37:47,358][INFO] any info message - [id:10][instance:7] - [COMP-13][file-2.c][function-12][ln:588]
[2024-12-06 08:37:48,859][INFO] any info message - [id:10][instance:1] - [COMP-2][file-4.c][function-5][ln:674]
[2024-12-06 08:37:50,363][INFO] any info message - [id:10][instance:3] - [COMP-5][file-4.c][function-10][ln:57]
[2024-12-06 08:37:51,865][INFO] any info message - [id:10][instance:1] - [COMP-7][file-1.c][function-13][ln:451]
[2024-12-06 08:37:53,367][INFO] any info message - [id:10][instance:5] - [COMP-9][file-1.c][function-5][ln:540]
[2024-12-06 08:37:54,869][INFO] any info message - [id:10][instance:7] - [COMP-6][file-13.c][function-4][ln:941]
[2024-12-06 08:37:54,961][DEBUG] any debug message - [id:10][instance:5] - [COMP-13][file-5.c][function-9][ln:602]
[2024-12-06 08:37:56,371][INFO] any info message - [id:10][instance:3] - [COMP-2][file-12.c][function-11][ln:320]
[2024-12-06 08:37:57,872][INFO] any info message - [id:10][instance:4] - [COMP-7][file-8.c][function-1][ln:607]
[2024-12-06 08:37:59,379][INFO] any info message - [id:10][instance:5] - [COMP-8][file-12.c][function-4][ln:86]
[2024-12-06 08:38:00,880][INFO] any info message - [id:10][instance:3] - [COMP-7][file-9.c][function-5][ln:643]
[2024-12-06 08:38:02,381][INFO] any info message - [id:10][instance:5] - [COMP-3][file-1.c][function-11][ln:588]
[2024-12-06 08:38:03,882][INFO] any info message - [id:10][instance:1] - [COMP-11][file-2.c][function-12][ln:824]
[2024-12-06 08:38:05,383][INFO] any info message - [id:10][instance:2] - [COMP-1][file-1.c][function-3][ln:487]
[2024-12-06 08:38:06,884][INFO] any info message - [id:10][instance:7] - [COMP-1][file-5.c][function-11][ln:494]
[2024-12-06 08:38:08,385][INFO] any info message - [id:10][instance:6] - [COMP-5][file-5.c][function-4][ln:20]
[2024-12-06 08:38:09,919][INFO] any info message - [id:10][instance:7] - [COMP-4][file-4.c][function-8][ln:734]
[2024-12-06 08:38:09,971][DEBUG] any debug message - [id:10][instance:7] - [COMP-5][file-6.c][function-5][ln:19]
[2024-12-06 08:38:11,420][INFO] any info message - [id:10][instance:2] - [COMP-12][file-4.c][function-9][ln:758]
[2024-12-06 08:38:12,932][INFO] any info message - [id:10][instance:7] - [COMP-4][file-7.c][function-6][ln:119]
[2024-12-06 08:38:13,620][WARNING] Here is a warning message - [id:10][instance:1] - [COMP-2][file-13.c][function-2][ln:589]
[2024-12-06 08:38:14,435][INFO] any info message - [id:10][instance:5] - [COMP-6][file-9.c][function-9][ln:68]
[2024-12-06 08:38:15,936][INFO] any info message - [id:10][instance:4] - [COMP-7][file-9.c][function-6][ln:37]
[2024-12-06 08:38:17,437][INFO] any info message - [id:10][instance:7] - [COMP-4][file-4.c][function-1][ln:78]
[2024-12-06 08:38:18,941][INFO] any info message - [id:10][instance:6] - [COMP-5][file-4.c][function-11][ln:602]
[2024-12-06 08:38:20,445][INFO] any info message - [id:10][instance:3] - [COMP-6][file-6.c][function-5][ln:958]
[2024-12-06 08:38:21,947][INFO] any info message - [id:10][instance:5] - [COMP-1][file-11.c][function-7][ln:979]
[2024-12-06 08:38:23,448][INFO] any info message - [id:10][instance:4] - [COMP-11][file-5.c][function-1][ln:572]
[2024-12-06 08:38:24,951][INFO] any info message - [id:10][instance:3] - [COMP-3][file-4.c][function-9][ln:291]
[2024-12-06 08:38:24,975][DEBUG] any debug message - [id:10][instance:1] - [COMP-8][file-11.c][function-6][ln:622]
[2024-12-06 08:38:26,464][INFO] any info message - [id:10][instance:3] - [COMP-11][file-10.c][function-8][ln:26]
[2024-12-06 08:38:27,836][CRITICAL] ATTENTION: This is a critical issue! - [id:10][instance:6] - [COMP-5][file-4.c][function-4][ln:92]
[2024-12-06 08:38:27,966][INFO] any info message - [id:10][instance:2] - [COMP-7][file-2.c][function-13][ln:568]
[2024-12-06 08:38:29,469][INFO] any info message - [id:10][instance:2] - [COMP-9][file-9.c][function-12][ln:628]
[2024-12-06 08:38:30,970][INFO] any info message - [id:10][instance:5] - [COMP-8][file-5.c][function-8][ln:729]
[2024-12-06 08:38:32,472][INFO] any info message - [id:10][instance:5] - [COMP-6][file-5.c][function-1][ln:831]
[2024-12-06 08:38:32,915][ERROR] It is an error message - [id:10][instance:4] - [COMP-12][file-5.c][function-13][ln:598]
[2024-12-06 08:38:33,974][INFO] any info message - [id:10][instance:4] - [COMP-10][file-2.c][function-12][ln:970]
[2024-12-06 08:38:35,477][INFO] any info message - [id:10][instance:4] - [COMP-5][file-10.c][function-7][ln:930]
[2024-12-06 08:38:36,978][INFO] any info message - [id:10][instance:7] - [COMP-10][file-4.c][function-8][ln:544]
[2024-12-06 08:38:38,487][INFO] any info message - [id:10][instance:5] - [COMP-3][file-4.c][function-8][ln:52]
[2024-12-06 08:38:39,977][DEBUG] any debug message - [id:10][instance:7] - [COMP-1][file-13.c][function-10][ln:982]
[2024-12-06 08:38:39,989][INFO] any info message - [id:10][instance:2] - [COMP-9][file-11.c][function-3][ln:646]
[2024-12-06 08:38:41,491][INFO] any info message - [id:10][instance:7] - [COMP-1][file-5.c][function-6][ln:984]
[2024-12-06 08:38:42,992][INFO] any info message - [id:10][instance:2] - [COMP-13][file-9.c][function-13][ln:864]
[2024-12-06 08:38:43,623][WARNING] Here is a warning message - [id:10][instance:7] - [COMP-9][file-13.c][function-8][ln:278]
[2024-12-06 08:38:44,497][INFO] any info message - [id:10][instance:1] - [COMP-4][file-5.c][function-12][ln:749]
[2024-12-06 08:38:45,998][INFO] any info message - [id:10][instance:5] - [COMP-10][file-12.c][function-9][ln:990]
[2024-12-06 08:38:47,499][INFO] any info message - [id:10][instance:6] - [COMP-8][file-10.c][function-12][ln:424]
[2024-12-06 08:38:49,000][INFO] any info message - [id:10][instance:2] - [COMP-3][file-6.c][function-4][ln:777]
[2024-12-06 08:38:50,502][INFO] any info message - [id:10][instance:2] - [COMP-13][file-6.c][function-13][ln:793]
[2024-12-06 08:38:52,006][INFO] any info message - [id:10][instance:4] - [COMP-13][file-10.c][function-6][ln:495]
[2024-12-06 08:38:53,507][INFO] any info message - [id:10][instance:2] - [COMP-3][file-3.c][function-6][ln:917]
[2024-12-06 08:38:54,977][DEBUG] any debug message - [id:10][instance:3] - [COMP-6][file-4.c][function-10][ln:426]
[2024-12-06 08:38:55,008][INFO] any info message - [id:10][instance:3] - [COMP-8][file-3.c][function-12][ln:753]
[2024-12-06 08:38:56,510][INFO] any info message - [id:10][instance:4] - [COMP-11][file-1.c][function-4][ln:105]
[2024-12-06 08:38:58,015][INFO] any info message - [id:10][instance:6] - [COMP-13][file-2.c][function-2][ln:750]
[2024-12-06 08:38:59,516][INFO] any info message - [id:10][instance:3] - [COMP-8][file-5.c][function-10][ln:484]
[2024-12-06 08:39:01,018][INFO] any info message - [id:10][instance:2] - [COMP-12][file-12.c][function-12][ln:172]
[2024-12-06 08:39:02,544][INFO] any info message - [id:10][instance:1] - [COMP-2][file-8.c][function-3][ln:334]
[2024-12-06 08:39:04,048][INFO] any info message - [id:10][instance:6] - [COMP-8][file-1.c][function-4][ln:526]
[2024-12-06 08:39:05,551][INFO] any info message - [id:10][instance:7] - [COMP-9][file-9.c][function-11][ln:669]
[2024-12-06 08:39:07,053][INFO] any info message - [id:10][instance:4] - [COMP-8][file-1.c][function-13][ln:292]
[2024-12-06 08:39:08,557][INFO] any info message - [id:10][instance:4] - [COMP-7][file-11.c][function-10][ln:22]
[2024-12-06 08:39:09,979][DEBUG] any debug message - [id:10][instance:1] - [COMP-13][file-12.c][function-7][ln:547]
[2024-12-06 08:39:10,058][INFO] any info message - [id:10][instance:6] - [COMP-3][file-13.c][function-11][ln:200]
[2024-12-06 08:39:11,560][INFO] any info message - [id:10][instance:1] - [COMP-5][file-4.c][function-12][ln:563]
[2024-12-06 08:39:13,061][INFO] any info message - [id:10][instance:7] - [COMP-11][file-10.c][function-9][ln:113]
[2024-12-06 08:39:13,624][WARNING] Here is a warning message - [id:10][instance:7] - [COMP-12][file-7.c][function-8][ln:491]
[2024-12-06 08:39:14,563][INFO] any info message - [id:10][instance:1] - [COMP-8][file-2.c][function-5][ln:284]
[2024-12-06 08:39:16,063][INFO] any info message - [id:10][instance:2] - [COMP-4][file-1.c][function-3][ln:903]
[2024-12-06 08:39:17,565][INFO] any info message - [id:10][instance:4] - [COMP-5][file-5.c][function-7][ln:605]
[2024-12-06 08:39:19,066][INFO] any info message - [id:10][instance:2] - [COMP-12][file-5.c][function-7][ln:422]
[2024-12-06 08:39:20,567][INFO] any info message - [id:10][instance:7] - [COMP-4][file-12.c][function-5][ln:309]
[2024-12-06 08:39:22,070][INFO] any info message - [id:10][instance:6] - [COMP-1][file-9.c][function-4][ln:632]
[2024-12-06 08:39:23,572][INFO] any info message - [id:10][instance:1] - [COMP-9][file-3.c][function-2][ln:749]
[2024-12-06 08:39:24,987][DEBUG] any debug message - [id:10][instance:6] - [COMP-10][file-8.c][function-8][ln:84]
[2024-12-06 08:39:25,074][INFO] any info message - [id:10][instance:3] - [COMP-7][file-4.c][function-1][ln:384]
[2024-12-06 08:39:26,577][INFO] any info message - [id:10][instance:6] - [COMP-3][file-7.c][function-4][ln:549]
[2024-12-06 08:39:28,078][INFO] any info message - [id:10][instance:1] - [COMP-4][file-6.c][function-2][ln:180]
[2024-12-06 08:39:29,579][INFO] any info message - [id:10][instance:7] - [COMP-11][file-9.c][function-1][ln:530]
[2024-12-06 08:39:31,081][INFO] any info message - [id:10][instance:3] - [COMP-12][file-9.c][function-11][ln:121]
[2024-12-06 08:39:32,582][INFO] any info message - [id:10][instance:5] - [COMP-9][file-4.c][function-3][ln:502]
[2024-12-06 08:39:32,917][ERROR] It is an error message - [id:10][instance:5] - [COMP-3][file-2.c][function-11][ln:713]
[2024-12-06 08:39:34,096][INFO] any info message - [id:10][instance:7] - [COMP-3][file-1.c][function-10][ln:585]
[2024-12-06 08:39:35,598][INFO] any info message - [id:10][instance:3] - [COMP-2][file-13.c][function-1][ln:824]
[2024-12-06 08:39:37,100][INFO] any info message - [id:10][instance:2] - [COMP-4][file-12.c][function-7][ln:141]
[2024-12-06 08:39:38,601][INFO] any info message - [id:10][instance:2] - [COMP-8][file-12.c][function-6][ln:911]
[2024-12-06 08:39:39,989][DEBUG] any debug message - [id:10][instance:1] - [COMP-1][file-6.c][function-2][ln:668]
[2024-12-06 08:39:40,103][INFO] any info message - [id:10][instance:6] - [COMP-3][file-11.c][function-13][ln:165]
[2024-12-06 08:39:41,604][INFO] any info message - [id:10][instance:6] - [COMP-4][file-1.c][function-2][ln:364]
[2024-12-06 08:39:43,106][INFO] any info message - [id:10][instance:3] - [COMP-7][file-9.c][function-12][ln:374]
[2024-12-06 08:39:43,625][WARNING] Here is a warning message - [id:10][instance:5] - [COMP-13][file-3.c][function-8][ln:327]
[2024-12-06 08:39:44,615][INFO] any info message - [id:10][instance:6] - [COMP-10][file-8.c][function-5][ln:177]
[2024-12-06 08:39:46,116][INFO] any info message - [id:10][instance:5] - [COMP-4][file-7.c][function-6][ln:618]
[2024-12-06 08:39:47,618][INFO] any info message - [id:10][instance:1] - [COMP-10][file-10.c][function-12][ln:733]
[2024-12-06 08:39:49,120][INFO] any info message - [id:10][instance:3] - [COMP-6][file-11.c][function-10][ln:731]
[2024-12-06 08:39:50,626][INFO] any info message - [id:10][instance:5] - [COMP-7][file-7.c][function-10][ln:411]
[2024-12-06 08:39:52,127][INFO] any info message - [id:10][instance:7] - [COMP-12][file-12.c][function-6][ln:529]
[2024-12-06 08:39:53,628][INFO] any info message - [id:10][instance:3] - [COMP-1][file-5.c][function-6][ln:603]
[2024-12-06 08:39:54,993][DEBUG] any debug message - [id:10][instance:5] - [COMP-5][file-12.c][function-12][ln:586]
[2024-12-06 08:39:55,128][INFO] any info message - [id:10][instance:2] - [COMP-13][file-5.c][function-4][ln:482]
[2024-12-06 08:39:56,630][INFO] any info message - [id:10][instance:4] - [COMP-7][file-7.c][function-11][ln:836]
[2024-12-06 08:39:58,133][INFO] any info message - [id:10][instance:1] - [COMP-12][file-1.c][function-4][ln:939]
[2024-12-06 08:39:59,634][INFO] any info message - [id:10][instance:7] - [COMP-7][file-12.c][function-2][ln:146]
[2024-12-06 08:40:01,151][INFO] any info message - [id:10][instance:2] - [COMP-4][file-13.c][function-2][ln:268]
[2024-12-06 08:40:02,659][INFO] any info message - [id:10][instance:1] - [COMP-1][file-3.c][function-7][ln:984]
[2024-12-06 08:40:04,161][INFO] any info message - [id:10][instance:4] - [COMP-10][file-10.c][function-2][ln:136]
[2024-12-06 08:40:05,664][INFO] any info message - [id:10][instance:4] - [COMP-10][file-11.c][function-9][ln:476]
[2024-12-06 08:40:07,168][INFO] any info message - [id:10][instance:6] - [COMP-11][file-2.c][function-6][ln:483]
[2024-12-06 08:40:08,671][INFO] any info message - [id:10][instance:3] - [COMP-2][file-3.c][function-1][ln:482]
[2024-12-06 08:40:09,997][DEBUG] any debug message - [id:10][instance:5] - [COMP-4][file-6.c][function-11][ln:71]
[2024-12-06 08:40:10,179][INFO] any info message - [id:10][instance:1] - [COMP-13][file-2.c][function-13][ln:341]
[2024-12-06 08:40:11,680][INFO] any info message - [id:10][instance:7] - [COMP-13][file-9.c][function-10][ln:871]
[2024-12-06 08:40:13,180][INFO] any info message - [id:10][instance:3] - [COMP-6][file-4.c][function-10][ln:698]
[2024-12-06 08:40:13,626][WARNING] Here is a warning message - [id:10][instance:3] - [COMP-12][file-4.c][function-10][ln:514]
[2024-12-06 08:40:14,683][INFO] any info message - [id:10][instance:6] - [COMP-11][file-4.c][function-2][ln:227]
[2024-12-06 08:40:16,184][INFO] any info message - [id:10][instance:3] - [COMP-8][file-12.c][function-13][ln:438]
[2024-12-06 08:40:17,686][INFO] any info message - [id:10][instance:3] - [COMP-5][file-9.c][function-2][ln:445]
[2024-12-06 08:40:19,188][INFO] any info message - [id:10][instance:3] - [COMP-13][file-10.c][function-10][ln:725]
[2024-12-06 08:40:20,691][INFO] any info message - [id:10][instance:4] - [COMP-9][file-3.c][function-7][ln:339]
[2024-12-06 08:40:22,191][INFO] any info message - [id:10][instance:3] - [COMP-1][file-9.c][function-2][ln:332]
[2024-12-06 08:40:23,693][INFO] any info message - [id:10][instance:2] - [COMP-10][file-2.c][function-8][ln:143]
[2024-12-06 08:40:24,998][DEBUG] any debug message - [id:10][instance:6] - [COMP-5][file-3.c][function-4][ln:516]
[2024-12-06 08:40:25,195][INFO] any info message - [id:10][instance:5] - [COMP-12][file-10.c][function-1][ln:481]
[2024-12-06 08:40:26,703][INFO] any info message - [id:10][instance:1] - [COMP-7][file-12.c][function-6][ln:275]
[2024-12-06 08:40:27,837][CRITICAL] ATTENTION: This is a critical issue! - [id:10][instance:1] - [COMP-5][file-6.c][function-6][ln:327]
[2024-12-06 08:40:28,205][INFO] any info message - [id:10][instance:7] - [COMP-9][file-12.c][function-12][ln:646]
[2024-12-06 08:40:29,707][INFO] any info message - [id:10][instance:6] - [COMP-9][file-6.c][function-6][ln:687]
[2024-12-06 08:40:31,207][INFO] any info message - [id:10][instance:2] - [COMP-10][file-12.c][function-1][ln:985]
[2024-12-06 08:40:32,710][INFO] any info message - [id:10][instance:7] - [COMP-10][file-10.c][function-4][ln:572]
[2024-12-06 08:40:32,921][ERROR] It is an error message - [id:10][instance:1] - [COMP-10][file-3.c][function-2][ln:726]
[2024-12-06 08:40:34,212][INFO] any info message - [id:10][instance:4] - [COMP-9][file-9.c][function-9][ln:831]
[2024-12-06 08:40:35,715][INFO] any info message - [id:10][instance:6] - [COMP-8][file-7.c][function-8][ln:260]
[2024-12-06 08:40:37,215][INFO] any info message - [id:10][instance:2] - [COMP-6][file-11.c][function-3][ln:922]
[2024-12-06 08:40:38,717][INFO] any info message - [id:10][instance:4] - [COMP-3][file-3.c][function-9][ln:561]
[2024-12-06 08:40:40,000][DEBUG] any debug message - [id:10][instance:6] - [COMP-2][file-1.c][function-12][ln:998]
[2024-12-06 08:40:40,232][INFO] any info message - [id:10][instance:5] - [COMP-1][file-6.c][function-9][ln:898]
[2024-12-06 08:40:41,735][INFO] any info message - [id:10][instance:7] - [COMP-9][file-8.c][function-5][ln:75]
[2024-12-06 08:40:43,245][INFO] any info message - [id:10][instance:4] - [COMP-10][file-6.c][function-7][ln:639]
[2024-12-06 08:40:43,627][WARNING] Here is a warning message - [id:10][instance:6] - [COMP-6][file-12.c][function-5][ln:714]
[2024-12-06 08:40:44,746][INFO] any info message - [id:10][instance:2] - [COMP-11][file-7.c][function-4][ln:635]
[2024-12-06 08:40:46,248][INFO] any info message - [id:10][instance:4] - [COMP-10][file-7.c][function-10][ln:523]
[2024-12-06 08:40:47,749][INFO] any info message - [id:10][instance:5] - [COMP-11][file-10.c][function-6][ln:519]
[2024-12-06 08:40:49,250][INFO] any info message - [id:10][instance:2] - [COMP-10][file-12.c][function-9][ln:616]
[2024-12-06 08:40:50,752][INFO] any info message - [id:10][instance:1] - [COMP-10][file-13.c][function-4][ln:399]
[2024-12-06 08:40:52,263][INFO] any info message - [id:10][instance:4] - [COMP-1][file-11.c][function-7][ln:98]
[2024-12-06 08:40:53,764][INFO] any info message - [id:10][instance:1] - [COMP-7][file-4.c][function-5][ln:620]
[2024-12-06 08:40:55,002][DEBUG] any debug message - [id:10][instance:3] - [COMP-8][file-10.c][function-12][ln:503]
[2024-12-06 08:40:55,268][INFO] any info message - [id:10][instance:7] - [COMP-2][file-10.c][function-1][ln:85]
[2024-12-06 08:40:56,769][INFO] any info message - [id:10][instance:3] - [COMP-12][file-12.c][function-10][ln:46]
[2024-12-06 08:40:58,271][INFO] any info message - [id:10][instance:5] - [COMP-3][file-7.c][function-1][ln:400]
[2024-12-06 08:40:59,772][INFO] any info message - [id:10][instance:7] - [COMP-10][file-5.c][function-2][ln:353]
[2024-12-06 08:41:01,273][INFO] any info message - [id:10][instance:7] - [COMP-11][file-8.c][function-12][ln:790]
[2024-12-06 08:41:02,775][INFO] any info message - [id:10][instance:7] - [COMP-7][file-10.c][function-13][ln:452]
[2024-12-06 08:41:04,276][INFO] any info message - [id:10][instance:1] - [COMP-13][file-5.c][function-6][ln:891]
[2024-12-06 08:41:05,778][INFO] any info message - [id:10][instance:6] - [COMP-3][file-12.c][function-10][ln:632]
[2024-12-06 08:41:07,279][INFO] any info message - [id:10][instance:2] - [COMP-3][file-13.c][function-1][ln:977]
[2024-12-06 08:41:08,781][INFO] any info message - [id:10][instance:5] - [COMP-4][file-12.c][function-11][ln:587]
[2024-12-06 08:41:10,003][DEBUG] any debug message - [id:10][instance:5] - [COMP-5][file-4.c][function-7][ln:322]
[2024-12-06 08:41:10,283][INFO] any info message - [id:10][instance:2] - [COMP-4][file-12.c][function-4][ln:990]
[2024-12-06 08:41:11,783][INFO] any info message - [id:10][instance:7] - [COMP-3][file-2.c][function-3][ln:905]
[2024-12-06 08:41:13,286][INFO] any info message - [id:10][instance:4] - [COMP-4][file-2.c][function-6][ln:802]
[2024-12-06 08:41:13,639][WARNING] Here is a warning message - [id:10][instance:3] - [COMP-1][file-8.c][function-5][ln:178]
[2024-12-06 08:41:14,787][INFO] any info message - [id:10][instance:1] - [COMP-5][file-7.c][function-4][ln:539]
[2024-12-06 08:41:16,291][INFO] any info message - [id:10][instance:4] - [COMP-2][file-2.c][function-12][ln:685]
[2024-12-06 08:41:17,792][INFO] any info message - [id:10][instance:7] - [COMP-10][file-9.c][function-3][ln:417]
[2024-12-06 08:41:19,295][INFO] any info message - [id:10][instance:2] - [COMP-8][file-13.c][function-9][ln:485]
[2024-12-06 08:41:20,796][INFO] any info message - [id:10][instance:7] - [COMP-4][file-4.c][function-4][ln:791]
[2024-12-06 08:41:22,297][INFO] any info message - [id:10][instance:6] - [COMP-2][file-1.c][function-13][ln:614]
[2024-12-06 08:41:23,798][INFO] any info message - [id:10][instance:1] - [COMP-5][file-8.c][function-8][ln:917]
[2024-12-06 08:41:25,004][DEBUG] any debug message - [id:10][instance:6] - [COMP-9][file-9.c][function-4][ln:656]
[2024-12-06 08:41:25,300][INFO] any info message - [id:10][instance:3] - [COMP-4][file-2.c][function-8][ln:242]
[2024-12-06 08:41:26,801][INFO] any info message - [id:10][instance:1] - [COMP-8][file-2.c][function-11][ln:379]
[2024-12-06 08:41:28,304][INFO] any info message - [id:10][instance:7] - [COMP-12][file-6.c][function-11][ln:172]
[2024-12-06 08:41:29,805][INFO] any info message - [id:10][instance:3] - [COMP-2][file-12.c][function-1][ln:417]
[2024-12-06 08:41:31,307][INFO] any info message - [id:10][instance:2] - [COMP-12][file-1.c][function-4][ln:575]
[2024-12-06 08:41:32,808][INFO] any info message - [id:10][instance:7] - [COMP-13][file-9.c][function-2][ln:585]
[2024-12-06 08:41:32,922][ERROR] It is an error message - [id:10][instance:2] - [COMP-13][file-11.c][function-11][ln:274]
[2024-12-06 08:41:34,309][INFO] any info message - [id:10][instance:2] - [COMP-10][file-3.c][function-4][ln:673]
[2024-12-06 08:41:35,815][INFO] any info message - [id:10][instance:1] - [COMP-5][file-4.c][function-2][ln:319]
[2024-12-06 08:41:37,317][INFO] any info message - [id:10][instance:3] - [COMP-5][file-11.c][function-13][ln:141]
[2024-12-06 08:41:38,818][INFO] any info message - [id:10][instance:4] - [COMP-2][file-5.c][function-1][ln:303]
[2024-12-06 08:41:40,008][DEBUG] any debug message - [id:10][instance:3] - [COMP-7][file-7.c][function-10][ln:263]
[2024-12-06 08:41:40,321][INFO] any info message - [id:10][instance:4] - [COMP-12][file-9.c][function-8][ln:79]
[2024-12-06 08:41:41,822][INFO] any info message - [id:10][instance:6] - [COMP-9][file-6.c][function-8][ln:499]
[2024-12-06 08:41:43,323][INFO] any info message - [id:10][instance:5] - [COMP-6][file-3.c][function-3][ln:387]
[2024-12-06 08:41:43,643][WARNING] Here is a warning message - [id:10][instance:4] - [COMP-10][file-2.c][function-4][ln:278]
[2024-12-06 08:41:44,824][INFO] any info message - [id:10][instance:4] - [COMP-12][file-10.c][function-11][ln:621]
[2024-12-06 08:41:46,326][INFO] any info message - [id:10][instance:3] - [COMP-8][file-4.c][function-11][ln:468]
[2024-12-06 08:41:47,826][INFO] any info message - [id:10][instance:3] - [COMP-7][file-8.c][function-2][ln:951]
[2024-12-06 08:41:49,329][INFO] any info message - [id:10][instance:4] - [COMP-11][file-13.c][function-5][ln:443]
[2024-12-06 08:41:50,831][INFO] any info message - [id:10][instance:3] - [COMP-2][file-4.c][function-5][ln:327]
[2024-12-06 08:41:52,332][INFO] any info message - [id:10][instance:4] - [COMP-2][file-12.c][function-5][ln:858]
[2024-12-06 08:41:53,834][INFO] any info message - [id:10][instance:5] - [COMP-7][file-4.c][function-5][ln:748]
[2024-12-06 08:41:55,010][DEBUG] any debug message - [id:10][instance:5] - [COMP-3][file-13.c][function-13][ln:276]
[2024-12-06 08:41:55,335][INFO] any info message - [id:10][instance:3] - [COMP-11][file-5.c][function-8][ln:679]
[2024-12-06 08:41:56,835][INFO] any info message - [id:10][instance:7] - [COMP-2][file-7.c][function-9][ln:310]
[2024-12-06 08:41:58,337][INFO] any info message - [id:10][instance:4] - [COMP-6][file-10.c][function-6][ln:565]
[2024-12-06 08:41:59,839][INFO] any info message - [id:10][instance:1] - [COMP-11][file-1.c][function-9][ln:56]
[2024-12-06 08:42:01,348][INFO] any info message - [id:10][instance:4] - [COMP-13][file-6.c][function-8][ln:677]
[2024-12-06 08:42:02,852][INFO] any info message - [id:10][instance:1] - [COMP-7][file-6.c][function-7][ln:673]
[2024-12-06 08:42:04,356][INFO] any info message - [id:10][instance:3] - [COMP-7][file-3.c][function-6][ln:357]
[2024-12-06 08:42:05,859][INFO] any info message - [id:10][instance:3] - [COMP-5][file-6.c][function-3][ln:164]
[2024-12-06 08:42:07,361][INFO] any info message - [id:10][instance:1] - [COMP-7][file-8.c][function-12][ln:503]
[2024-12-06 08:42:08,861][INFO] any info message - [id:10][instance:6] - [COMP-1][file-13.c][function-5][ln:182]
[2024-12-06 08:42:10,013][DEBUG] any debug message - [id:10][instance:6] - [COMP-3][file-9.c][function-12][ln:995]
[2024-12-06 08:42:10,363][INFO] any info message - [id:10][instance:3] - [COMP-11][file-1.c][function-6][ln:171]
[2024-12-06 08:42:11,863][INFO] any info message - [id:10][instance:7] - [COMP-2][file-11.c][function-12][ln:774]
[2024-12-06 08:42:13,365][INFO] any info message - [id:10][instance:4] - [COMP-10][file-1.c][function-5][ln:635]
[2024-12-06 08:42:13,645][WARNING] Here is a warning message - [id:10][instance:1] - [COMP-3][file-4.c][function-13][ln:370]
[2024-12-06 08:42:14,866][INFO] any info message - [id:10][instance:4] - [COMP-12][file-5.c][function-1][ln:207]
[2024-12-06 08:42:16,372][INFO] any info message - [id:10][instance:6] - [COMP-5][file-11.c][function-12][ln:125]
[2024-12-06 08:42:17,873][INFO] any info message - [id:10][instance:3] - [COMP-8][file-10.c][function-11][ln:629]
[2024-12-06 08:42:19,400][INFO] any info message - [id:10][instance:6] - [COMP-13][file-5.c][function-2][ln:252]
[2024-12-06 08:42:20,908][INFO] any info message - [id:10][instance:6] - [COMP-12][file-9.c][function-8][ln:464]
[2024-12-06 08:42:22,415][INFO] any info message - [id:10][instance:4] - [COMP-6][file-8.c][function-7][ln:735]
[2024-12-06 08:42:23,916][INFO] any info message - [id:10][instance:6] - [COMP-11][file-2.c][function-10][ln:716]
[2024-12-06 08:42:25,015][DEBUG] any debug message - [id:10][instance:6] - [COMP-9][file-5.c][function-5][ln:680]
[2024-12-06 08:42:25,418][INFO] any info message - [id:10][instance:2] - [COMP-8][file-4.c][function-6][ln:299]
[2024-12-06 08:42:26,918][INFO] any info message - [id:10][instance:2] - [COMP-10][file-11.c][function-13][ln:288]
[2024-12-06 08:42:27,838][CRITICAL] ATTENTION: This is a critical issue! - [id:10][instance:7] - [COMP-3][file-11.c][function-10][ln:866]
[2024-12-06 08:42:28,429][INFO] any info message - [id:10][instance:7] - [COMP-4][file-13.c][function-13][ln:301]
[2024-12-06 08:42:29,932][INFO] any info message - [id:10][instance:1] - [COMP-1][file-7.c][function-1][ln:523]
[2024-12-06 08:42:31,443][INFO] any info message - [id:10][instance:6] - [COMP-13][file-6.c][function-7][ln:558]
[2024-12-06 08:42:32,924][ERROR] It is an error message - [id:10][instance:1] - [COMP-9][file-6.c][function-11][ln:610]
[2024-12-06 08:42:32,944][INFO] any info message - [id:10][instance:3] - [COMP-13][file-2.c][function-1][ln:990]
[2024-12-06 08:42:34,448][INFO] any info message - [id:10][instance:3] - [COMP-2][file-12.c][function-5][ln:812]
[2024-12-06 08:42:35,957][INFO] any info message - [id:10][instance:3] - [COMP-13][file-6.c][function-5][ln:453]
[2024-12-06 08:42:37,464][INFO] any info message - [id:10][instance:5] - [COMP-2][file-10.c][function-1][ln:495]
[2024-12-06 08:42:38,966][INFO] any info message - [id:10][instance:1] - [COMP-4][file-2.c][function-8][ln:240]
[2024-12-06 08:42:40,020][DEBUG] any debug message - [id:10][instance:6] - [COMP-11][file-9.c][function-12][ln:18]
[2024-12-06 08:42:40,467][INFO] any info message - [id:10][instance:4] - [COMP-1][file-1.c][function-1][ln:893]
[2024-12-06 08:42:41,968][INFO] any info message - [id:10][instance:5] - [COMP-8][file-11.c][function-11][ln:134]
[2024-12-06 08:42:43,469][INFO] any info message - [id:10][instance:2] - [COMP-10][file-4.c][function-3][ln:776]
[2024-12-06 08:42:43,646][WARNING] Here is a warning message - [id:10][instance:5] - [COMP-11][file-13.c][function-10][ln:525]
[2024-12-06 08:42:44,971][INFO] any info message - [id:10][instance:5] - [COMP-7][file-1.c][function-6][ln:508]
[2024-12-06 08:42:46,473][INFO] any info message - [id:10][instance:4] - [COMP-11][file-7.c][function-4][ln:921]
[2024-12-06 08:42:47,974][INFO] any info message - [id:10][instance:4] - [COMP-1][file-2.c][function-7][ln:625]
[2024-12-06 08:42:49,480][INFO] any info message - [id:10][instance:2] - [COMP-1][file-2.c][function-4][ln:489]
[2024-12-06 08:42:50,977][INFO] any info message - [id:10][instance:5] - [COMP-9][file-3.c][function-13][ln:725]
[2024-12-06 08:42:52,478][INFO] any info message - [id:10][instance:6] - [COMP-13][file-13.c][function-4][ln:318]
[2024-12-06 08:42:53,980][INFO] any info message - [id:10][instance:6] - [COMP-9][file-12.c][function-2][ln:444]
[2024-12-06 08:42:55,020][DEBUG] any debug message - [id:10][instance:4] - [COMP-12][file-3.c][function-6][ln:325]
[2024-12-06 08:42:55,481][INFO] any info message - [id:10][instance:2] - [COMP-7][file-12.c][function-10][ln:66]
[2024-12-06 08:42:56,982][INFO] any info message - [id:10][instance:3] - [COMP-11][file-12.c][function-1][ln:289]
[2024-12-06 08:42:58,484][INFO] any info message - [id:10][instance:7] - [COMP-8][file-3.c][function-3][ln:654]
[2024-12-06 08:42:59,988][INFO] any info message - [id:10][instance:3] - [COMP-1][file-6.c][function-10][ln:773]
[2024-12-06 08:43:01,489][INFO] any info message - [id:10][instance:3] - [COMP-1][file-8.c][function-4][ln:639]
[2024-12-06 08:43:02,990][INFO] any info message - [id:10][instance:7] - [COMP-10][file-3.c][function-6][ln:339]
[2024-12-06 08:43:04,492][INFO] any info message - [id:10][instance:7] - [COMP-13][file-10.c][function-8][ln:329]
[2024-12-06 08:43:05,993][INFO] any info message - [id:10][instance:2] - [COMP-1][file-9.c][function-6][ln:49]
[2024-12-06 08:43:07,495][INFO] any info message - [id:10][instance:1] - [COMP-5][file-1.c][function-11][ln:267]
[2024-12-06 08:43:08,996][INFO] any info message - [id:10][instance:2] - [COMP-11][file-7.c][function-4][ln:309]
[2024-12-06 08:43:10,021][DEBUG] any debug message - [id:10][instance:1] - [COMP-9][file-6.c][function-6][ln:816]
[2024-12-06 08:43:10,499][INFO] any info message - [id:10][instance:3] - [COMP-6][file-13.c][function-4][ln:311]
[2024-12-06 08:43:12,004][INFO] any info message - [id:10][instance:1] - [COMP-5][file-1.c][function-9][ln:503]
[2024-12-06 08:43:13,505][INFO] any info message - [id:10][instance:1] - [COMP-11][file-4.c][function-3][ln:323]
[2024-12-06 08:43:13,651][WARNING] Here is a warning message - [id:10][instance:3] - [COMP-12][file-12.c][function-8][ln:352]
[2024-12-06 08:43:15,007][INFO] any info message - [id:10][instance:2] - [COMP-12][file-12.c][function-2][ln:798]
[2024-12-06 08:43:16,508][INFO] any info message - [id:10][instance:4] - [COMP-5][file-11.c][function-5][ln:715]
[2024-12-06 08:43:18,014][INFO] any info message - [id:10][instance:6] - [COMP-6][file-2.c][function-3][ln:940]
[2024-12-06 08:43:19,517][INFO] any info message - [id:10][instance:5] - [COMP-4][file-12.c][function-7][ln:40]
[2024-12-06 08:43:21,020][INFO] any info message - [id:10][instance:7] - [COMP-6][file-12.c][function-2][ln:875]
[2024-12-06 08:43:22,520][INFO] any info message - [id:10][instance:7] - [COMP-12][file-8.c][function-1][ln:585]
[2024-12-06 08:43:24,040][INFO] any info message - [id:10][instance:2] - [COMP-12][file-1.c][function-10][ln:408]
[2024-12-06 08:43:25,022][DEBUG] any debug message - [id:10][instance:7] - [COMP-9][file-9.c][function-9][ln:24]
[2024-12-06 08:43:25,551][INFO] any info message - [id:10][instance:2] - [COMP-10][file-13.c][function-6][ln:574]
[2024-12-06 08:43:27,054][INFO] any info message - [id:10][instance:4] - [COMP-7][file-8.c][function-4][ln:800]
[2024-12-06 08:43:28,555][INFO] any info message - [id:10][instance:7] - [COMP-6][file-6.c][function-7][ln:726]
[2024-12-06 08:43:30,057][INFO] any info message - [id:10][instance:2] - [COMP-9][file-10.c][function-12][ln:247]
[2024-12-06 08:43:31,558][INFO] any info message - [id:10][instance:7] - [COMP-6][file-2.c][function-1][ln:299]
[2024-12-06 08:43:32,927][ERROR] It is an error message - [id:10][instance:7] - [COMP-4][file-1.c][function-8][ln:455]
[2024-12-06 08:43:33,060][INFO] any info message - [id:10][instance:7] - [COMP-10][file-2.c][function-8][ln:807]
[2024-12-06 08:43:34,564][INFO] any info message - [id:10][instance:3] - [COMP-8][file-5.c][function-1][ln:893]
[2024-12-06 08:43:36,067][INFO] any info message - [id:10][instance:2] - [COMP-2][file-9.c][function-11][ln:680]
[2024-12-06 08:43:37,568][INFO] any info message - [id:10][instance:4] - [COMP-1][file-1.c][function-4][ln:333]
[2024-12-06 08:43:39,070][INFO] any info message - [id:10][instance:1] - [COMP-13][file-5.c][function-5][ln:869]
[2024-12-06 08:43:40,025][DEBUG] any debug message - [id:10][instance:4] - [COMP-8][file-4.c][function-4][ln:213]
[2024-12-06 08:43:40,583][INFO] any info message - [id:10][instance:3] - [COMP-5][file-1.c][function-5][ln:952]
[2024-12-06 08:43:42,089][INFO] any info message - [id:10][instance:2] - [COMP-4][file-9.c][function-9][ln:123]
[2024-12-06 08:43:43,591][INFO] any info message - [id:10][instance:3] - [COMP-3][file-4.c][function-4][ln:470]
[2024-12-06 08:43:43,654][WARNING] Here is a warning message - [id:10][instance:2] - [COMP-1][file-13.c][function-4][ln:746]
[2024-12-06 08:43:45,092][INFO] any info message - [id:10][instance:6] - [COMP-12][file-2.c][function-12][ln:174]
[2024-12-06 08:43:46,597][INFO] any info message - [id:10][instance:7] - [COMP-1][file-2.c][function-7][ln:593]
[2024-12-06 08:43:48,098][INFO] any info message - [id:10][instance:2] - [COMP-9][file-4.c][function-9][ln:782]
[2024-12-06 08:43:49,598][INFO] any info message - [id:10][instance:7] - [COMP-3][file-5.c][function-6][ln:738]
[2024-12-06 08:43:51,109][INFO] any info message - [id:10][instance:7] - [COMP-2][file-5.c][function-12][ln:560]
[2024-12-06 08:43:52,611][INFO] any info message - [id:10][instance:2] - [COMP-13][file-5.c][function-10][ln:765]
[2024-12-06 08:43:54,113][INFO] any info message - [id:10][instance:3] - [COMP-5][file-5.c][function-6][ln:488]
[2024-12-06 08:43:55,056][DEBUG] any debug message - [id:10][instance:3] - [COMP-12][file-2.c][function-12][ln:845]
[2024-12-06 08:43:55,615][INFO] any info message - [id:10][instance:7] - [COMP-12][file-2.c][function-12][ln:641]
[2024-12-06 08:43:57,121][INFO] any info message - [id:10][instance:6] - [COMP-1][file-1.c][function-5][ln:652]
[2024-12-06 08:43:58,628][INFO] any info message - [id:10][instance:6] - [COMP-3][file-5.c][function-3][ln:658]
[2024-12-06 08:44:00,141][INFO] any info message - [id:10][instance:2] - [COMP-11][file-13.c][function-7][ln:185]
[2024-12-06 08:44:01,661][INFO] any info message - [id:10][instance:4] - [COMP-13][file-9.c][function-1][ln:356]
[2024-12-06 08:44:03,171][INFO] any info message - [id:10][instance:6] - [COMP-6][file-4.c][function-3][ln:277]
[2024-12-06 08:44:04,676][INFO] any info message - [id:10][instance:5] - [COMP-6][file-13.c][function-3][ln:613]
[2024-12-06 08:44:06,177][INFO] any info message - [id:10][instance:7] - [COMP-13][file-6.c][function-6][ln:201]
[2024-12-06 08:44:07,678][INFO] any info message - [id:10][instance:6] - [COMP-4][file-11.c][function-7][ln:829]
[2024-12-06 08:44:09,209][INFO] any info message - [id:10][instance:5] - [COMP-6][file-2.c][function-3][ln:981]
[2024-12-06 08:44:10,057][DEBUG] any debug message - [id:10][instance:4] - [COMP-11][file-8.c][function-7][ln:26]
[2024-12-06 08:44:10,715][INFO] any info message - [id:10][instance:2] - [COMP-10][file-12.c][function-3][ln:801]
[2024-12-06 08:44:12,295][INFO] any info message - [id:10][instance:3] - [COMP-1][file-9.c][function-9][ln:625]
[2024-12-06 08:44:13,654][WARNING] Here is a warning message - [id:10][instance:6] - [COMP-1][file-9.c][function-6][ln:584]
[2024-12-06 08:44:13,798][INFO] any info message - [id:10][instance:2] - [COMP-11][file-8.c][function-9][ln:926]
[2024-12-06 08:44:15,311][INFO] any info message - [id:10][instance:4] - [COMP-7][file-10.c][function-8][ln:33]
[2024-12-06 08:44:16,839][INFO] any info message - [id:10][instance:2] - [COMP-5][file-10.c][function-10][ln:767]
[2024-12-06 08:44:18,360][INFO] any info message - [id:10][instance:1] - [COMP-8][file-3.c][function-12][ln:973]
[2024-12-06 08:44:19,862][INFO] any info message - [id:10][instance:3] - [COMP-13][file-13.c][function-4][ln:456]
[2024-12-06 08:44:21,364][INFO] any info message - [id:10][instance:1] - [COMP-12][file-8.c][function-2][ln:782]
[2024-12-06 08:44:22,865][INFO] any info message - [id:10][instance:6] - [COMP-12][file-1.c][function-1][ln:190]
[2024-12-06 08:44:24,370][INFO] any info message - [id:10][instance:5] - [COMP-9][file-5.c][function-9][ln:994]
[2024-12-06 08:44:25,088][DEBUG] any debug message - [id:10][instance:4] - [COMP-13][file-3.c][function-4][ln:661]
[2024-12-06 08:44:25,886][INFO] any info message - [id:10][instance:7] - [COMP-12][file-8.c][function-10][ln:72]
[2024-12-06 08:44:27,393][INFO] any info message - [id:10][instance:6] - [COMP-9][file-9.c][function-8][ln:135]
[2024-12-06 08:44:27,839][CRITICAL] ATTENTION: This is a critical issue! - [id:10][instance:4] - [COMP-5][file-3.c][function-12][ln:190]
[2024-12-06 08:44:28,894][INFO] any info message - [id:10][instance:1] - [COMP-3][file-9.c][function-6][ln:964]
[2024-12-06 08:44:30,408][INFO] any info message - [id:10][instance:1] - [COMP-3][file-5.c][function-1][ln:85]
[2024-12-06 08:44:31,909][INFO] any info message - [id:10][instance:7] - [COMP-4][file-13.c][function-10][ln:447]
[2024-12-06 08:44:32,929][ERROR] It is an error message - [id:10][instance:2] - [COMP-7][file-3.c][function-6][ln:995]
[2024-12-06 08:44:33,421][INFO] any info message - [id:10][instance:1] - [COMP-7][file-8.c][function-2][ln:381]
[2024-12-06 08:44:34,952][INFO] any info message - [id:10][instance:4] - [COMP-12][file-6.c][function-7][ln:65]
[2024-12-06 08:44:36,461][INFO] any info message - [id:10][instance:3] - [COMP-2][file-3.c][function-4][ln:393]
[2024-12-06 08:44:37,961][INFO] any info message - [id:10][instance:3] - [COMP-7][file-1.c][function-12][ln:882]
[2024-12-06 08:44:39,467][INFO] any info message - [id:10][instance:2] - [COMP-8][file-7.c][function-5][ln:228]
[2024-12-06 08:44:40,096][DEBUG] any debug message - [id:10][instance:6] - [COMP-5][file-8.c][function-9][ln:712]
[2024-12-06 08:44:40,981][INFO] any info message - [id:10][instance:2] - [COMP-7][file-10.c][function-8][ln:694]
[2024-12-06 08:44:42,489][INFO] any info message - [id:10][instance:6] - [COMP-1][file-7.c][function-10][ln:589]
[2024-12-06 08:44:43,656][WARNING] Here is a warning message - [id:10][instance:6] - [COMP-12][file-8.c][function-7][ln:98]
[2024-12-06 08:44:43,991][INFO] any info message - [id:10][instance:4] - [COMP-7][file-13.c][function-13][ln:213]
[2024-12-06 08:44:45,512][INFO] any info message - [id:10][instance:2] - [COMP-12][file-9.c][function-12][ln:631]
[2024-12-06 08:44:47,020][INFO] any info message - [id:10][instance:1] - [COMP-4][file-13.c][function-10][ln:276]
[2024-12-06 08:44:48,542][INFO] any info message - [id:10][instance:1] - [COMP-3][file-2.c][function-11][ln:178]
[2024-12-06 08:44:50,054][INFO] any info message - [id:10][instance:1] - [COMP-12][file-1.c][function-2][ln:252]
[2024-12-06 08:44:51,583][INFO] any info message - [id:10][instance:5] - [COMP-6][file-4.c][function-6][ln:853]
[2024-12-06 08:44:53,084][INFO] any info message - [id:10][instance:7] - [COMP-7][file-7.c][function-3][ln:299]
[2024-12-06 08:44:54,630][INFO] any info message - [id:10][instance:2] - [COMP-2][file-4.c][function-3][ln:501]
[2024-12-06 08:44:55,097][DEBUG] any debug message - [id:10][instance:5] - [COMP-9][file-9.c][function-2][ln:122]
[2024-12-06 08:44:56,132][INFO] any info message - [id:10][instance:4] - [COMP-6][file-3.c][function-12][ln:395]
[2024-12-06 08:44:57,633][INFO] any info message - [id:10][instance:4] - [COMP-9][file-13.c][function-12][ln:179]
[2024-12-06 08:44:59,141][INFO] any info message - [id:10][instance:6] - [COMP-2][file-6.c][function-4][ln:556]
[2024-12-06 08:45:00,670][INFO] any info message - [id:10][instance:5] - [COMP-3][file-4.c][function-4][ln:928]
[2024-12-06 08:45:02,174][INFO] any info message - [id:10][instance:6] - [COMP-8][file-4.c][function-3][ln:209]
[2024-12-06 08:45:03,686][INFO] any info message - [id:10][instance:7] - [COMP-12][file-1.c][function-7][ln:771]
[2024-12-06 08:45:05,203][INFO] any info message - [id:10][instance:6] - [COMP-9][file-12.c][function-9][ln:942]
[2024-12-06 08:45:06,720][INFO] any info message - [id:10][instance:1] - [COMP-6][file-4.c][function-10][ln:613]
[2024-12-06 08:45:08,241][INFO] any info message - [id:10][instance:1] - [COMP-5][file-7.c][function-9][ln:139]
[2024-12-06 08:45:09,742][INFO] any info message - [id:10][instance:6] - [COMP-11][file-9.c][function-11][ln:753]
[2024-12-06 08:45:10,098][DEBUG] any debug message - [id:10][instance:6] - [COMP-6][file-4.c][function-6][ln:320]
[2024-12-06 08:45:11,247][INFO] any info message - [id:10][instance:2] - [COMP-13][file-10.c][function-10][ln:435]
[2024-12-06 08:45:12,752][INFO] any info message - [id:10][instance:7] - [COMP-13][file-1.c][function-11][ln:297]
[2024-12-06 08:45:13,674][WARNING] Here is a warning message - [id:10][instance:1] - [COMP-1][file-9.c][function-9][ln:873]
[2024-12-06 08:45:14,253][INFO] any info message - [id:10][instance:1] - [COMP-5][file-12.c][function-11][ln:62]
[2024-12-06 08:45:15,763][INFO] any info message - [id:10][instance:7] - [COMP-7][file-3.c][function-13][ln:375]
[2024-12-06 08:45:17,351][INFO] any info message - [id:10][instance:7] - [COMP-6][file-6.c][function-8][ln:750]
[2024-12-06 08:45:18,857][INFO] any info message - [id:10][instance:7] - [COMP-6][file-7.c][function-5][ln:297]
[2024-12-06 08:45:20,362][INFO] any info message - [id:10][instance:2] - [COMP-11][file-12.c][function-11][ln:840]
[2024-12-06 08:45:21,863][INFO] any info message - [id:10][instance:4] - [COMP-10][file-1.c][function-2][ln:50]
[2024-12-06 08:45:23,367][INFO] any info message - [id:10][instance:3] - [COMP-5][file-1.c][function-1][ln:352]
[2024-12-06 08:45:24,886][INFO] any info message - [id:10][instance:3] - [COMP-1][file-4.c][function-5][ln:832]
[2024-12-06 08:45:25,104][DEBUG] any debug message - [id:10][instance:6] - [COMP-1][file-13.c][function-2][ln:819]
[2024-12-06 08:45:26,396][INFO] any info message - [id:10][instance:2] - [COMP-11][file-1.c][function-7][ln:192]
[2024-12-06 08:45:27,905][INFO] any info message - [id:10][instance:1] - [COMP-10][file-7.c][function-1][ln:585]
[2024-12-06 08:45:29,408][INFO] any info message - [id:10][instance:3] - [COMP-1][file-13.c][function-5][ln:944]
[2024-12-06 08:45:30,917][INFO] any info message - [id:10][instance:5] - [COMP-12][file-5.c][function-8][ln:230]
[2024-12-06 08:45:32,435][INFO] any info message - [id:10][instance:7] - [COMP-5][file-10.c][function-10][ln:836]
[2024-12-06 08:45:32,944][ERROR] It is an error message - [id:10][instance:1] - [COMP-7][file-1.c][function-5][ln:847]
[2024-12-06 08:45:33,936][INFO] any info message - [id:10][instance:4] - [COMP-4][file-9.c][function-3][ln:298]
[2024-12-06 08:45:35,438][INFO] any info message - [id:10][instance:2] - [COMP-8][file-13.c][function-5][ln:968]
[2024-12-06 08:45:36,946][INFO] any info message - [id:10][instance:5] - [COMP-9][file-3.c][function-1][ln:566]
[2024-12-06 08:45:38,448][INFO] any info message - [id:10][instance:2] - [COMP-4][file-11.c][function-6][ln:54]
[2024-12-06 08:45:39,951][INFO] any info message - [id:10][instance:5] - [COMP-8][file-12.c][function-12][ln:104]
[2024-12-06 08:45:40,112][DEBUG] any debug message - [id:10][instance:2] - [COMP-3][file-12.c][function-5][ln:517]
[2024-12-06 08:45:41,462][INFO] any info message - [id:10][instance:1] - [COMP-5][file-9.c][function-3][ln:505]
[2024-12-06 08:45:42,985][INFO] any info message - [id:10][instance:7] - [COMP-4][file-12.c][function-4][ln:94]
[2024-12-06 08:45:43,798][WARNING] Here is a warning message - [id:10][instance:3] - [COMP-11][file-3.c][function-1][ln:12]
[2024-12-06 08:45:44,547][INFO] any info message - [id:10][instance:5] - [COMP-11][file-13.c][function-6][ln:248]
[2024-12-06 08:45:46,057][INFO] any info message - [id:10][instance:7] - [COMP-10][file-4.c][function-4][ln:600]
[2024-12-06 08:45:47,565][INFO] any info message - [id:10][instance:2] - [COMP-2][file-13.c][function-9][ln:836]
[2024-12-06 08:45:49,067][INFO] any info message - [id:10][instance:4] - [COMP-11][file-10.c][function-6][ln:789]
[2024-12-06 08:45:50,571][INFO] any info message - [id:10][instance:7] - [COMP-11][file-12.c][function-13][ln:621]
[2024-12-06 08:45:52,072][INFO] any info message - [id:10][instance:6] - [COMP-6][file-9.c][function-13][ln:531]
[2024-12-06 08:45:53,588][INFO] any info message - [id:10][instance:4] - [COMP-3][file-10.c][function-2][ln:712]
[2024-12-06 08:45:55,089][INFO] any info message - [id:10][instance:2] - [COMP-2][file-6.c][function-9][ln:783]
[2024-12-06 08:45:55,115][DEBUG] any debug message - [id:10][instance:1] - [COMP-2][file-1.c][function-4][ln:35]
[2024-12-06 08:45:56,599][INFO] any info message - [id:10][instance:2] - [COMP-2][file-10.c][function-6][ln:952]
[2024-12-06 08:45:58,100][INFO] any info message - [id:10][instance:7] - [COMP-7][file-1.c][function-11][ln:773]
[2024-12-06 08:45:59,603][INFO] any info message - [id:10][instance:2] - [COMP-6][file-3.c][function-5][ln:697]
[2024-12-06 08:46:01,120][INFO] any info message - [id:10][instance:4] - [COMP-7][file-10.c][function-10][ln:563]
[2024-12-06 08:46:02,623][INFO] any info message - [id:10][instance:4] - [COMP-3][file-4.c][function-10][ln:889]
[2024-12-06 08:46:04,143][INFO] any info message - [id:10][instance:3] - [COMP-4][file-4.c][function-2][ln:691]
[2024-12-06 08:46:05,649][INFO] any info message - [id:10][instance:1] - [COMP-13][file-4.c][function-8][ln:695]
[2024-12-06 08:46:07,151][INFO] any info message - [id:10][instance:7] - [COMP-4][file-2.c][function-8][ln:741]
[2024-12-06 08:46:08,652][INFO] any info message - [id:10][instance:6] - [COMP-11][file-9.c][function-6][ln:264]
[2024-12-06 08:46:10,126][DEBUG] any debug message - [id:10][instance:4] - [COMP-6][file-13.c][function-10][ln:838]
[2024-12-06 08:46:10,172][INFO] any info message - [id:10][instance:3] - [COMP-5][file-11.c][function-2][ln:845]
[2024-12-06 08:46:11,681][INFO] any info message - [id:10][instance:2] - [COMP-6][file-13.c][function-6][ln:65]
[2024-12-06 08:46:13,219][INFO] any info message - [id:10][instance:7] - [COMP-7][file-10.c][function-11][ln:903]
[2024-12-06 08:46:13,807][WARNING] Here is a warning message - [id:10][instance:2] - [COMP-8][file-12.c][function-7][ln:126]
[2024-12-06 08:46:14,721][INFO] any info message - [id:10][instance:4] - [COMP-2][file-8.c][function-3][ln:855]
[2024-12-06 08:46:16,289][INFO] any info message - [id:10][instance:7] - [COMP-12][file-4.c][function-10][ln:491]
[2024-12-06 08:46:17,796][INFO] any info message - [id:10][instance:7] - [COMP-11][file-7.c][function-7][ln:884]
[2024-12-06 08:46:19,300][INFO] any info message - [id:10][instance:4] - [COMP-6][file-10.c][function-10][ln:790]
[2024-12-06 08:46:20,816][INFO] any info message - [id:10][instance:5] - [COMP-3][file-1.c][function-10][ln:143]
[2024-12-06 08:46:22,328][INFO] any info message - [id:10][instance:4] - [COMP-4][file-1.c][function-3][ln:854]
[2024-12-06 08:46:23,839][INFO] any info message - [id:10][instance:3] - [COMP-12][file-5.c][function-7][ln:40]
[2024-12-06 08:46:25,136][DEBUG] any debug message - [id:10][instance:5] - [COMP-8][file-11.c][function-4][ln:19]
[2024-12-06 08:46:25,349][INFO] any info message - [id:10][instance:4] - [COMP-5][file-3.c][function-6][ln:778]
[2024-12-06 08:46:26,853][INFO] any info message - [id:10][instance:1] - [COMP-13][file-13.c][function-9][ln:940]
[2024-12-06 08:46:27,844][CRITICAL] ATTENTION: This is a critical issue! - [id:10][instance:2] - [COMP-2][file-1.c][function-9][ln:243]
[2024-12-06 08:46:28,363][INFO] any info message - [id:10][instance:4] - [COMP-8][file-1.c][function-5][ln:627]
[2024-12-06 08:46:29,864][INFO] any info message - [id:10][instance:7] - [COMP-1][file-2.c][function-1][ln:954]
[2024-12-06 08:46:31,370][INFO] any info message - [id:10][instance:5] - [COMP-6][file-10.c][function-7][ln:252]
[2024-12-06 08:46:32,881][INFO] any info message - [id:10][instance:6] - [COMP-10][file-4.c][function-2][ln:699]
[2024-12-06 08:46:32,948][ERROR] It is an error message - [id:10][instance:1] - [COMP-10][file-12.c][function-11][ln:835]
[2024-12-06 08:46:34,398][INFO] any info message - [id:10][instance:2] - [COMP-11][file-1.c][function-2][ln:467]
[2024-12-06 08:46:35,910][INFO] any info message - [id:10][instance:4] - [COMP-12][file-1.c][function-5][ln:594]
[2024-12-06 08:46:37,411][INFO] any info message - [id:10][instance:7] - [COMP-12][file-13.c][function-13][ln:429]
[2024-12-06 08:46:38,915][INFO] any info message - [id:10][instance:2] - [COMP-9][file-8.c][function-10][ln:405]
[2024-12-06 08:46:40,157][DEBUG] any debug message - [id:10][instance:7] - [COMP-10][file-5.c][function-3][ln:569]
[2024-12-06 08:46:40,488][INFO] any info message - [id:10][instance:7] - [COMP-7][file-5.c][function-11][ln:420]
[2024-12-06 08:46:41,994][INFO] any info message - [id:10][instance:2] - [COMP-2][file-9.c][function-11][ln:981]
[2024-12-06 08:46:43,497][INFO] any info message - [id:10][instance:7] - [COMP-10][file-12.c][function-5][ln:420]
[2024-12-06 08:46:43,811][WARNING] Here is a warning message - [id:10][instance:7] - [COMP-5][file-3.c][function-6][ln:63]
[2024-12-06 08:46:45,011][INFO] any info message - [id:10][instance:3] - [COMP-5][file-13.c][function-9][ln:879]
[2024-12-06 08:46:46,515][INFO] any info message - [id:10][instance:6] - [COMP-10][file-4.c][function-13][ln:891]
[2024-12-06 08:46:48,031][INFO] any info message - [id:10][instance:2] - [COMP-8][file-11.c][function-1][ln:318]
[2024-12-06 08:46:49,552][INFO] any info message - [id:10][instance:5] - [COMP-13][file-7.c][function-3][ln:223]
[2024-12-06 08:46:51,053][INFO] any info message - [id:10][instance:7] - [COMP-11][file-5.c][function-1][ln:848]
[2024-12-06 08:46:52,558][INFO] any info message - [id:10][instance:7] - [COMP-2][file-4.c][function-4][ln:118]
[2024-12-06 08:46:54,060][INFO] any info message - [id:10][instance:5] - [COMP-4][file-10.c][function-7][ln:506]
[2024-12-06 08:46:55,163][DEBUG] any debug message - [id:10][instance:1] - [COMP-11][file-1.c][function-11][ln:153]
[2024-12-06 08:46:55,572][INFO] any info message - [id:10][instance:3] - [COMP-9][file-3.c][function-5][ln:80]
[2024-12-06 08:46:57,074][INFO] any info message - [id:10][instance:1] - [COMP-4][file-7.c][function-3][ln:50]
[2024-12-06 08:46:58,575][INFO] any info message - [id:10][instance:2] - [COMP-1][file-3.c][function-10][ln:96]
[2024-12-06 08:47:00,077][INFO] any info message - [id:10][instance:1] - [COMP-6][file-1.c][function-5][ln:998]
[2024-12-06 08:47:01,581][INFO] any info message - [id:10][instance:2] - [COMP-10][file-8.c][function-2][ln:217]
[2024-12-06 08:47:03,082][INFO] any info message - [id:10][instance:3] - [COMP-8][file-5.c][function-3][ln:249]
[2024-12-06 08:47:04,585][INFO] any info message - [id:10][instance:6] - [COMP-7][file-9.c][function-7][ln:348]
[2024-12-06 08:47:06,086][INFO] any info message - [id:10][instance:2] - [COMP-9][file-7.c][function-11][ln:349]
[2024-12-06 08:47:07,595][INFO] any info message - [id:10][instance:6] - [COMP-1][file-13.c][function-9][ln:343]
[2024-12-06 08:47:09,106][INFO] any info message - [id:10][instance:5] - [COMP-9][file-7.c][function-6][ln:750]
[2024-12-06 08:47:10,166][DEBUG] any debug message - [id:10][instance:1] - [COMP-9][file-9.c][function-3][ln:494]
[2024-12-06 08:47:10,609][INFO] any info message - [id:10][instance:5] - [COMP-11][file-13.c][function-12][ln:674]
[2024-12-06 08:47:12,115][INFO] any info message - [id:10][instance:4] - [COMP-9][file-5.c][function-13][ln:324]
[2024-12-06 08:47:13,624][INFO] any info message - [id:10][instance:1] - [COMP-12][file-11.c][function-1][ln:350]
[2024-12-06 08:47:13,821][WARNING] Here is a warning message - [id:10][instance:4] - [COMP-7][file-9.c][function-5][ln:615]
[2024-12-06 08:47:15,125][INFO] any info message - [id:10][instance:5] - [COMP-10][file-3.c][function-12][ln:928]
[2024-12-06 08:47:16,639][INFO] any info message - [id:10][instance:6] - [COMP-2][file-9.c][function-1][ln:211]
[2024-12-06 08:47:18,150][INFO] any info message - [id:10][instance:2] - [COMP-4][file-12.c][function-13][ln:519]
[2024-12-06 08:47:19,685][INFO] any info message - [id:10][instance:1] - [COMP-7][file-12.c][function-4][ln:484]
[2024-12-06 08:47:21,187][INFO] any info message - [id:10][instance:1] - [COMP-10][file-8.c][function-2][ln:590]
[2024-12-06 08:47:22,704][INFO] any info message - [id:10][instance:7] - [COMP-12][file-1.c][function-2][ln:704]
[2024-12-06 08:47:24,213][INFO] any info message - [id:10][instance:7] - [COMP-1][file-11.c][function-9][ln:981]
[2024-12-06 08:47:25,167][DEBUG] any debug message - [id:10][instance:7] - [COMP-8][file-11.c][function-7][ln:975]
[2024-12-06 08:47:25,716][INFO] any info message - [id:10][instance:7] - [COMP-7][file-12.c][function-9][ln:558]
[2024-12-06 08:47:27,219][INFO] any info message - [id:10][instance:2] - [COMP-12][file-10.c][function-5][ln:654]
[2024-12-06 08:47:28,722][INFO] any info message - [id:10][instance:6] - [COMP-5][file-8.c][function-13][ln:401]
[2024-12-06 08:47:30,223][INFO] any info message - [id:10][instance:4] - [COMP-8][file-4.c][function-12][ln:405]
[2024-12-06 08:47:31,729][INFO] any info message - [id:10][instance:3] - [COMP-4][file-12.c][function-12][ln:431]
[2024-12-06 08:47:32,950][ERROR] It is an error message - [id:10][instance:3] - [COMP-5][file-12.c][function-4][ln:641]
[2024-12-06 08:47:33,236][INFO] any info message - [id:10][instance:5] - [COMP-2][file-3.c][function-11][ln:30]
[2024-12-06 08:47:34,745][INFO] any info message - [id:10][instance:6] - [COMP-13][file-4.c][function-8][ln:309]
[2024-12-06 08:47:36,258][INFO] any info message - [id:10][instance:5] - [COMP-2][file-8.c][function-10][ln:532]
[2024-12-06 08:47:37,789][INFO] any info message - [id:10][instance:3] - [COMP-2][file-12.c][function-5][ln:938]
[2024-12-06 08:47:39,291][INFO] any info message - [id:10][instance:1] - [COMP-1][file-1.c][function-11][ln:148]
[2024-12-06 08:47:40,185][DEBUG] any debug message - [id:10][instance:1] - [COMP-3][file-8.c][function-5][ln:395]
[2024-12-06 08:47:40,795][INFO] any info message - [id:10][instance:7] - [COMP-9][file-13.c][function-13][ln:782]
[2024-12-06 08:47:42,305][INFO] any info message - [id:10][instance:3] - [COMP-8][file-12.c][function-2][ln:454]
[2024-12-06 08:47:43,809][INFO] any info message - [id:10][instance:2] - [COMP-12][file-11.c][function-8][ln:264]
[2024-12-06 08:47:43,822][WARNING] Here is a warning message - [id:10][instance:3] - [COMP-11][file-13.c][function-7][ln:591]
[2024-12-06 08:47:45,322][INFO] any info message - [id:10][instance:6] - [COMP-12][file-13.c][function-10][ln:227]
[2024-12-06 08:47:46,824][INFO] any info message - [id:10][instance:7] - [COMP-7][file-7.c][function-2][ln:281]
[2024-12-06 08:47:48,335][INFO] any info message - [id:10][instance:4] - [COMP-11][file-5.c][function-6][ln:745]
[2024-12-06 08:47:49,836][INFO] any info message - [id:10][instance:6] - [COMP-10][file-9.c][function-6][ln:419]
[2024-12-06 08:47:51,341][INFO] any info message - [id:10][instance:4] - [COMP-1][file-1.c][function-5][ln:617]
[2024-12-06 08:47:52,842][INFO] any info message - [id:10][instance:7] - [COMP-8][file-4.c][function-12][ln:185]
[2024-12-06 08:47:54,344][INFO] any info message - [id:10][instance:6] - [COMP-8][file-6.c][function-4][ln:612]
[2024-12-06 08:47:55,234][DEBUG] any debug message - [id:10][instance:2] - [COMP-10][file-6.c][function-1][ln:942]
[2024-12-06 08:47:55,845][INFO] any info message - [id:10][instance:1] - [COMP-13][file-8.c][function-13][ln:881]
[2024-12-06 08:47:57,347][INFO] any info message - [id:10][instance:5] - [COMP-6][file-11.c][function-13][ln:47]
[2024-12-06 08:47:58,918][INFO] any info message - [id:10][instance:2] - [COMP-5][file-2.c][function-7][ln:782]
[2024-12-06 08:48:00,430][INFO] any info message - [id:10][instance:2] - [COMP-2][file-3.c][function-3][ln:619]
[2024-12-06 08:48:02,016][INFO] any info message - [id:10][instance:6] - [COMP-1][file-2.c][function-13][ln:627]
[2024-12-06 08:48:03,528][INFO] any info message - [id:10][instance:3] - [COMP-13][file-9.c][function-12][ln:627]
[2024-12-06 08:48:05,029][INFO] any info message - [id:10][instance:2] - [COMP-11][file-7.c][function-5][ln:935]
[2024-12-06 08:48:06,533][INFO] any info message - [id:10][instance:1] - [COMP-7][file-13.c][function-2][ln:472]
[2024-12-06 08:48:08,105][INFO] any info message - [id:10][instance:4] - [COMP-13][file-1.c][function-12][ln:507]
[2024-12-06 08:48:09,613][INFO] any info message - [id:10][instance:3] - [COMP-10][file-12.c][function-10][ln:845]
[2024-12-06 08:48:10,241][DEBUG] any debug message - [id:10][instance:4] - [COMP-7][file-7.c][function-10][ln:481]
[2024-12-06 08:48:11,118][INFO] any info message - [id:10][instance:6] - [COMP-10][file-6.c][function-13][ln:768]
[2024-12-06 08:48:12,628][INFO] any info message - [id:10][instance:3] - [COMP-9][file-11.c][function-10][ln:32]
[2024-12-06 08:48:13,823][WARNING] Here is a warning message - [id:10][instance:4] - [COMP-1][file-11.c][function-12][ln:473]
[2024-12-06 08:48:14,219][INFO] any info message - [id:10][instance:3] - [COMP-1][file-11.c][function-1][ln:42]
[2024-12-06 08:48:15,737][INFO] any info message - [id:10][instance:5] - [COMP-1][file-1.c][function-12][ln:239]
[2024-12-06 08:48:17,241][INFO] any info message - [id:10][instance:6] - [COMP-12][file-6.c][function-2][ln:555]
[2024-12-06 08:48:18,796][INFO] any info message - [id:10][instance:7] - [COMP-7][file-12.c][function-4][ln:909]
[2024-12-06 08:48:20,313][INFO] any info message - [id:10][instance:6] - [COMP-6][file-10.c][function-3][ln:505]
[2024-12-06 08:48:21,816][INFO] any info message - [id:10][instance:4] - [COMP-7][file-3.c][function-10][ln:37]
[2024-12-06 08:48:23,318][INFO] any info message - [id:10][instance:5] - [COMP-11][file-10.c][function-4][ln:433]
[2024-12-06 08:48:24,837][INFO] any info message - [id:10][instance:7] - [COMP-13][file-3.c][function-5][ln:936]
[2024-12-06 08:48:25,245][DEBUG] any debug message - [id:10][instance:3] - [COMP-1][file-7.c][function-6][ln:625]
[2024-12-06 08:48:26,368][INFO] any info message - [id:10][instance:7] - [COMP-1][file-9.c][function-9][ln:477]
[2024-12-06 08:48:27,850][CRITICAL] ATTENTION: This is a critical issue! - [id:10][instance:2] - [COMP-6][file-8.c][function-3][ln:906]
[2024-12-06 08:48:27,870][INFO] any info message - [id:10][instance:3] - [COMP-8][file-7.c][function-7][ln:41]
[2024-12-06 08:48:29,374][INFO] any info message - [id:10][instance:6] - [COMP-13][file-8.c][function-6][ln:137]
[2024-12-06 08:48:30,881][INFO] any info message - [id:10][instance:5] - [COMP-8][file-2.c][function-1][ln:230]
[2024-12-06 08:48:32,400][INFO] any info message - [id:10][instance:3] - [COMP-7][file-5.c][function-7][ln:570]
[2024-12-06 08:48:32,953][ERROR] It is an error message - [id:10][instance:7] - [COMP-8][file-9.c][function-5][ln:395]
[2024-12-06 08:48:33,906][INFO] any info message - [id:10][instance:6] - [COMP-10][file-1.c][function-7][ln:878]
[2024-12-06 08:48:35,418][INFO] any info message - [id:10][instance:4] - [COMP-5][file-4.c][function-8][ln:832]
[2024-12-06 08:48:36,922][INFO] any info message - [id:10][instance:5] - [COMP-2][file-1.c][function-8][ln:211]
[2024-12-06 08:48:38,433][INFO] any info message - [id:10][instance:2] - [COMP-6][file-2.c][function-10][ln:699]
[2024-12-06 08:48:39,936][INFO] any info message - [id:10][instance:1] - [COMP-7][file-1.c][function-11][ln:505]
[2024-12-06 08:48:40,252][DEBUG] any debug message - [id:10][instance:2] - [COMP-1][file-5.c][function-6][ln:526]
[2024-12-06 08:48:41,452][INFO] any info message - [id:10][instance:3] - [COMP-11][file-10.c][function-13][ln:891]
[2024-12-06 08:48:43,041][INFO] any info message - [id:10][instance:1] - [COMP-12][file-9.c][function-13][ln:320]
[2024-12-06 08:48:43,824][WARNING] Here is a warning message - [id:10][instance:3] - [COMP-12][file-3.c][function-4][ln:781]
[2024-12-06 08:48:44,542][INFO] any info message - [id:10][instance:4] - [COMP-1][file-1.c][function-3][ln:201]
[2024-12-06 08:48:46,048][INFO] any info message - [id:10][instance:2] - [COMP-12][file-6.c][function-13][ln:933]
[2024-12-06 08:48:47,550][INFO] any info message - [id:10][instance:2] - [COMP-4][file-12.c][function-2][ln:17]
[2024-12-06 08:48:49,056][INFO] any info message - [id:10][instance:4] - [COMP-7][file-5.c][function-10][ln:57]
[2024-12-06 08:48:50,605][INFO] any info message - [id:10][instance:1] - [COMP-7][file-11.c][function-7][ln:498]
[2024-12-06 08:48:52,106][INFO] any info message - [id:10][instance:7] - [COMP-9][file-7.c][function-11][ln:538]
[2024-12-06 08:48:53,622][INFO] any info message - [id:10][instance:3] - [COMP-10][file-3.c][function-8][ln:744]
[2024-12-06 08:48:55,127][INFO] any info message - [id:10][instance:1] - [COMP-11][file-8.c][function-5][ln:760]
[2024-12-06 08:48:55,258][DEBUG] any debug message - [id:10][instance:6] - [COMP-4][file-2.c][function-7][ln:925]
[2024-12-06 08:48:56,632][INFO] any info message - [id:10][instance:4] - [COMP-9][file-13.c][function-10][ln:956]
[2024-12-06 08:48:58,136][INFO] any info message - [id:10][instance:1] - [COMP-13][file-3.c][function-11][ln:727]
[2024-12-06 08:48:59,637][INFO] any info message - [id:10][instance:6] - [COMP-1][file-7.c][function-13][ln:604]
[2024-12-06 08:49:01,139][INFO] any info message - [id:10][instance:2] - [COMP-8][file-12.c][function-10][ln:559]
[2024-12-06 08:49:02,644][INFO] any info message - [id:10][instance:2] - [COMP-9][file-6.c][function-2][ln:38]
[2024-12-06 08:49:04,163][INFO] any info message - [id:10][instance:7] - [COMP-2][file-12.c][function-9][ln:652]
[2024-12-06 08:49:05,792][INFO] any info message - [id:10][instance:4] - [COMP-12][file-13.c][function-8][ln:380]
[2024-12-06 08:49:07,371][INFO] any info message - [id:10][instance:4] - [COMP-2][file-10.c][function-2][ln:643]
[2024-12-06 08:49:08,891][INFO] any info message - [id:10][instance:5] - [COMP-11][file-1.c][function-1][ln:946]
[2024-12-06 08:49:10,306][DEBUG] any debug message - [id:10][instance:2] - [COMP-10][file-3.c][function-6][ln:128]
[2024-12-06 08:49:10,466][INFO] any info message - [id:10][instance:6] - [COMP-10][file-4.c][function-13][ln:143]
[2024-12-06 08:49:11,973][INFO] any info message - [id:10][instance:6] - [COMP-10][file-1.c][function-2][ln:841]
[2024-12-06 08:49:13,480][INFO] any info message - [id:10][instance:6] - [COMP-12][file-10.c][function-6][ln:299]
[2024-12-06 08:49:13,828][WARNING] Here is a warning message - [id:10][instance:6] - [COMP-7][file-13.c][function-7][ln:91]
[2024-12-06 08:49:15,003][INFO] any info message - [id:10][instance:5] - [COMP-13][file-6.c][function-9][ln:596]
[2024-12-06 08:49:16,558][INFO] any info message - [id:10][instance:6] - [COMP-9][file-6.c][function-13][ln:820]
[2024-12-06 08:49:18,059][INFO] any info message - [id:10][instance:5] - [COMP-4][file-10.c][function-10][ln:155]
[2024-12-06 08:49:19,594][INFO] any info message - [id:10][instance:5] - [COMP-7][file-11.c][function-12][ln:618]
[2024-12-06 08:49:21,098][INFO] any info message - [id:10][instance:3] - [COMP-10][file-13.c][function-9][ln:384]
[2024-12-06 08:49:22,615][INFO] any info message - [id:10][instance:1] - [COMP-3][file-7.c][function-3][ln:717]
[2024-12-06 08:49:24,116][INFO] any info message - [id:10][instance:7] - [COMP-3][file-2.c][function-5][ln:892]
[2024-12-06 08:49:25,339][DEBUG] any debug message - [id:10][instance:2] - [COMP-1][file-9.c][function-5][ln:374]
[2024-12-06 08:49:25,620][INFO] any info message - [id:10][instance:1] - [COMP-3][file-2.c][function-8][ln:634]
[2024-12-06 08:49:27,195][INFO] any info message - [id:10][instance:6] - [COMP-10][file-13.c][function-11][ln:274]
[2024-12-06 08:49:28,696][INFO] any info message - [id:10][instance:1] - [COMP-5][file-2.c][function-1][ln:870]
[2024-12-06 08:49:30,199][INFO] any info message - [id:10][instance:7] - [COMP-10][file-13.c][function-12][ln:413]
[2024-12-06 08:49:31,712][INFO] any info message - [id:10][instance:6] - [COMP-11][file-10.c][function-1][ln:327]
[2024-12-06 08:49:33,013][ERROR] It is an error message - [id:10][instance:3] - [COMP-1][file-4.c][function-10][ln:153]
[2024-12-06 08:49:33,215][INFO] any info message - [id:10][instance:3] - [COMP-9][file-11.c][function-6][ln:724]
[2024-12-06 08:49:34,719][INFO] any info message - [id:10][instance:5] - [COMP-11][file-1.c][function-12][ln:801]
[2024-12-06 08:49:36,312][INFO] any info message - [id:10][instance:4] - [COMP-2][file-2.c][function-1][ln:710]
[2024-12-06 08:49:37,817][INFO] any info message - [id:10][instance:7] - [COMP-5][file-5.c][function-12][ln:609]
[2024-12-06 08:49:39,322][INFO] any info message - [id:10][instance:1] - [COMP-8][file-4.c][function-5][ln:346]
[2024-12-06 08:49:40,343][DEBUG] any debug message - [id:10][instance:7] - [COMP-13][file-1.c][function-7][ln:892]
[2024-12-06 08:49:40,838][INFO] any info message - [id:10][instance:5] - [COMP-5][file-9.c][function-2][ln:654]
[2024-12-06 08:49:42,342][INFO] any info message - [id:10][instance:2] - [COMP-1][file-13.c][function-13][ln:249]
[2024-12-06 08:49:43,829][WARNING] Here is a warning message - [id:10][instance:3] - [COMP-5][file-13.c][function-13][ln:566]
[2024-12-06 08:49:43,842][INFO] any info message - [id:10][instance:5] - [COMP-10][file-12.c][function-10][ln:848]
[2024-12-06 08:49:45,346][INFO] any info message - [id:10][instance:1] - [COMP-3][file-7.c][function-1][ln:609]
[2024-12-06 08:49:46,966][INFO] any info message - [id:10][instance:3] - [COMP-9][file-3.c][function-5][ln:133]
[2024-12-06 08:49:48,467][INFO] any info message - [id:10][instance:1] - [COMP-7][file-2.c][function-13][ln:478]
[2024-12-06 08:49:49,971][INFO] any info message - [id:10][instance:3] - [COMP-7][file-6.c][function-2][ln:797]
[2024-12-06 08:49:51,476][INFO] any info message - [id:10][instance:7] - [COMP-2][file-5.c][function-12][ln:687]
[2024-12-06 08:49:52,978][INFO] any info message - [id:10][instance:6] - [COMP-4][file-9.c][function-5][ln:676]
[2024-12-06 08:49:54,488][INFO] any info message - [id:10][instance:2] - [COMP-2][file-7.c][function-5][ln:781]
[2024-12-06 08:49:55,345][DEBUG] any debug message - [id:10][instance:3] - [COMP-11][file-8.c][function-10][ln:332]
[2024-12-06 08:49:55,996][INFO] any info message - [id:10][instance:4] - [COMP-13][file-1.c][function-5][ln:545]
[2024-12-06 08:49:57,509][INFO] any info message - [id:10][instance:3] - [COMP-2][file-1.c][function-5][ln:468]
[2024-12-06 08:49:59,016][INFO] any info message - [id:10][instance:5] - [COMP-2][file-10.c][function-12][ln:340]
[2024-12-06 08:50:00,633][INFO] any info message - [id:10][instance:6] - [COMP-2][file-12.c][function-4][ln:967]
[2024-12-06 08:50:02,143][INFO] any info message - [id:10][instance:1] - [COMP-13][file-5.c][function-11][ln:229]
[2024-12-06 08:50:03,649][INFO] any info message - [id:10][instance:1] - [COMP-3][file-3.c][function-11][ln:739]
[2024-12-06 08:50:04,857][INFO] any info message - [id:10][instance:3] - [COMP-5][file-1.c][function-3][ln:632]
[2024-12-06 08:50:06,374][INFO] any info message - [id:10][instance:5] - [COMP-2][file-11.c][function-12][ln:439]
[2024-12-06 08:50:07,874][INFO] any info message - [id:10][instance:7] - [COMP-7][file-3.c][function-4][ln:375]
[2024-12-06 08:50:09,390][INFO] any info message - [id:10][instance:1] - [COMP-9][file-4.c][function-8][ln:816]
[2024-12-06 08:50:10,048][DEBUG] any debug message - [id:10][instance:7] - [COMP-13][file-6.c][function-1][ln:25]
[2024-12-06 08:50:10,892][INFO] any info message - [id:10][instance:6] - [COMP-2][file-1.c][function-3][ln:490]
[2024-12-06 08:50:12,437][INFO] any info message - [id:10][instance:1] - [COMP-1][file-7.c][function-1][ln:722]
[2024-12-06 08:50:13,547][WARNING] Here is a warning message - [id:10][instance:3] - [COMP-6][file-10.c][function-3][ln:638]
[2024-12-06 08:50:13,940][INFO] any info message - [id:10][instance:7] - [COMP-1][file-8.c][function-5][ln:129]
[2024-12-06 08:50:15,441][INFO] any info message - [id:10][instance:1] - [COMP-12][file-10.c][function-3][ln:149]
[2024-12-06 08:50:16,966][INFO] any info message - [id:10][instance:4] - [COMP-12][file-7.c][function-7][ln:70]
[2024-12-06 08:50:18,467][INFO] any info message - [id:10][instance:1] - [COMP-11][file-12.c][function-5][ln:15]
[2024-12-06 08:50:19,972][INFO] any info message - [id:10][instance:2] - [COMP-4][file-12.c][function-6][ln:428]
[2024-12-06 08:50:21,496][INFO] any info message - [id:10][instance:5] - [COMP-12][file-9.c][function-2][ln:385]
[2024-12-06 08:50:23,000][INFO] any info message - [id:10][instance:4] - [COMP-5][file-2.c][function-12][ln:147]
[2024-12-06 08:50:24,511][INFO] any info message - [id:10][instance:3] - [COMP-5][file-6.c][function-11][ln:288]
[2024-12-06 08:50:25,056][DEBUG] any debug message - [id:10][instance:3] - [COMP-11][file-4.c][function-10][ln:509]
[2024-12-06 08:50:26,035][INFO] any info message - [id:10][instance:6] - [COMP-5][file-2.c][function-12][ln:201]
[2024-12-06 08:50:27,541][INFO] any info message - [id:10][instance:1] - [COMP-2][file-3.c][function-1][ln:22]
[2024-12-06 08:50:27,554][CRITICAL] ATTENTION: This is a critical issue! - [id:10][instance:4] - [COMP-12][file-11.c][function-3][ln:778]
[2024-12-06 08:50:29,044][INFO] any info message - [id:10][instance:4] - [COMP-7][file-3.c][function-10][ln:188]
[2024-12-06 08:50:30,549][INFO] any info message - [id:10][instance:5] - [COMP-10][file-1.c][function-3][ln:560]
[2024-12-06 08:50:32,065][INFO] any info message - [id:10][instance:3] - [COMP-9][file-6.c][function-13][ln:756]
[2024-12-06 08:50:32,718][ERROR] It is an error message - [id:10][instance:2] - [COMP-9][file-5.c][function-2][ln:287]
[2024-12-06 08:50:33,566][INFO] any info message - [id:10][instance:2] - [COMP-11][file-13.c][function-5][ln:871]
[2024-12-06 08:50:35,073][INFO] any info message - [id:10][instance:7] - [COMP-10][file-5.c][function-9][ln:928]
[2024-12-06 08:50:36,580][INFO] any info message - [id:10][instance:7] - [COMP-1][file-5.c][function-3][ln:207]
[2024-12-06 08:50:38,082][INFO] any info message - [id:10][instance:3] - [COMP-4][file-7.c][function-7][ln:209]
[2024-12-06 08:50:39,619][INFO] any info message - [id:10][instance:7] - [COMP-3][file-9.c][function-10][ln:339]
[2024-12-06 08:50:40,078][DEBUG] any debug message - [id:10][instance:4] - [COMP-10][file-7.c][function-6][ln:639]
[2024-12-06 08:50:41,129][INFO] any info message - [id:10][instance:1] - [COMP-2][file-10.c][function-2][ln:573]
[2024-12-06 08:50:42,643][INFO] any info message - [id:10][instance:5] - [COMP-2][file-11.c][function-5][ln:887]
[2024-12-06 08:50:43,561][WARNING] Here is a warning message - [id:10][instance:6] - [COMP-10][file-8.c][function-11][ln:992]
[2024-12-06 08:50:44,143][INFO] any info message - [id:10][instance:7] - [COMP-13][file-8.c][function-6][ln:584]
[2024-12-06 08:50:45,645][INFO] any info message - [id:10][instance:2] - [COMP-1][file-12.c][function-6][ln:932]
[2024-12-06 08:50:47,223][INFO] any info message - [id:10][instance:6] - [COMP-12][file-3.c][function-3][ln:954]
[2024-12-06 08:50:48,739][INFO] any info message - [id:10][instance:3] - [COMP-3][file-10.c][function-3][ln:219]
[2024-12-06 08:50:50,243][INFO] any info message - [id:10][instance:4] - [COMP-6][file-10.c][function-8][ln:219]
[2024-12-06 08:50:51,745][INFO] any info message - [id:10][instance:6] - [COMP-4][file-11.c][function-3][ln:614]
[2024-12-06 08:50:53,253][INFO] any info message - [id:10][instance:7] - [COMP-4][file-7.c][function-5][ln:85]
[2024-12-06 08:50:54,763][INFO] any info message - [id:10][instance:7] - [COMP-11][file-9.c][function-1][ln:689]
[2024-12-06 08:50:55,082][DEBUG] any debug message - [id:10][instance:1] - [COMP-11][file-1.c][function-3][ln:673]
[2024-12-06 08:50:56,276][INFO] any info message - [id:10][instance:2] - [COMP-11][file-3.c][function-8][ln:150]
[2024-12-06 08:50:57,778][INFO] any info message - [id:10][instance:2] - [COMP-3][file-7.c][function-8][ln:304]
[2024-12-06 08:50:59,281][INFO] any info message - [id:10][instance:3] - [COMP-13][file-12.c][function-6][ln:693]
[2024-12-06 08:51:00,785][INFO] any info message - [id:10][instance:4] - [COMP-9][file-6.c][function-12][ln:34]
[2024-12-06 08:51:02,357][INFO] any info message - [id:10][instance:5] - [COMP-8][file-7.c][function-6][ln:433]
[2024-12-06 08:51:03,876][INFO] any info message - [id:10][instance:1] - [COMP-13][file-9.c][function-12][ln:781]
[2024-12-06 08:51:05,407][INFO] any info message - [id:10][instance:5] - [COMP-1][file-8.c][function-3][ln:307]
[2024-12-06 08:51:06,915][INFO] any info message - [id:10][instance:1] - [COMP-4][file-6.c][function-3][ln:54]
[2024-12-06 08:51:08,422][INFO] any info message - [id:10][instance:4] - [COMP-8][file-10.c][function-5][ln:653]
[2024-12-06 08:51:09,924][INFO] any info message - [id:10][instance:6] - [COMP-10][file-7.c][function-2][ln:379]
[2024-12-06 08:51:10,091][DEBUG] any debug message - [id:10][instance:6] - [COMP-11][file-13.c][function-3][ln:240]
[2024-12-06 08:51:11,444][INFO] any info message - [id:10][instance:3] - [COMP-13][file-8.c][function-7][ln:57]
[2024-12-06 08:51:12,953][INFO] any info message - [id:10][instance:4] - [COMP-5][file-6.c][function-7][ln:923]
[2024-12-06 08:51:13,564][WARNING] Here is a warning message - [id:10][instance:5] - [COMP-11][file-7.c][function-6][ln:146]
[2024-12-06 08:51:14,457][INFO] any info message - [id:10][instance:4] - [COMP-3][file-12.c][function-11][ln:258]
[2024-12-06 08:51:15,958][INFO] any info message - [id:10][instance:5] - [COMP-8][file-6.c][function-2][ln:840]
[2024-12-06 08:51:17,479][INFO] any info message - [id:10][instance:7] - [COMP-6][file-12.c][function-1][ln:338]
[2024-12-06 08:51:18,981][INFO] any info message - [id:10][instance:1] - [COMP-11][file-12.c][function-6][ln:256]
[2024-12-06 08:51:20,493][INFO] any info message - [id:10][instance:7] - [COMP-13][file-1.c][function-2][ln:290]
[2024-12-06 08:51:22,000][INFO] any info message - [id:10][instance:3] - [COMP-2][file-9.c][function-10][ln:707]
[2024-12-06 08:51:23,514][INFO] any info message - [id:10][instance:7] - [COMP-7][file-10.c][function-8][ln:328]
[2024-12-06 08:51:25,015][INFO] any info message - [id:10][instance:1] - [COMP-8][file-10.c][function-5][ln:979]
[2024-12-06 08:51:25,097][DEBUG] any debug message - [id:10][instance:4] - [COMP-9][file-6.c][function-9][ln:669]
[2024-12-06 08:51:26,521][INFO] any info message - [id:10][instance:6] - [COMP-3][file-8.c][function-7][ln:100]
[2024-12-06 08:51:28,025][INFO] any info message - [id:10][instance:2] - [COMP-5][file-4.c][function-1][ln:577]
[2024-12-06 08:51:29,527][INFO] any info message - [id:10][instance:3] - [COMP-4][file-5.c][function-9][ln:979]
[2024-12-06 08:51:31,029][INFO] any info message - [id:10][instance:5] - [COMP-8][file-7.c][function-10][ln:842]
[2024-12-06 08:51:32,532][INFO] any info message - [id:10][instance:1] - [COMP-5][file-9.c][function-9][ln:898]
[2024-12-06 08:51:32,742][ERROR] It is an error message - [id:10][instance:2] - [COMP-7][file-6.c][function-13][ln:765]
[2024-12-06 08:51:34,039][INFO] any info message - [id:10][instance:4] - [COMP-3][file-7.c][function-9][ln:389]
[2024-12-06 08:51:35,547][INFO] any info message - [id:10][instance:7] - [COMP-5][file-6.c][function-3][ln:776]
[2024-12-06 08:51:37,054][INFO] any info message - [id:10][instance:7] - [COMP-6][file-8.c][function-2][ln:529]
[2024-12-06 08:51:38,556][INFO] any info message - [id:10][instance:3] - [COMP-13][file-4.c][function-7][ln:287]
[2024-12-06 08:51:40,057][INFO] any info message - [id:10][instance:2] - [COMP-11][file-12.c][function-10][ln:160]
[2024-12-06 08:51:40,099][DEBUG] any debug message - [id:10][instance:2] - [COMP-12][file-4.c][function-12][ln:685]
[2024-12-06 08:51:41,561][INFO] any info message - [id:10][instance:2] - [COMP-10][file-10.c][function-11][ln:881]
[2024-12-06 08:51:43,069][INFO] any info message - [id:10][instance:4] - [COMP-8][file-7.c][function-5][ln:153]
[2024-12-06 08:51:43,565][WARNING] Here is a warning message - [id:10][instance:5] - [COMP-2][file-12.c][function-3][ln:209]
[2024-12-06 08:51:44,598][INFO] any info message - [id:10][instance:7] - [COMP-11][file-3.c][function-8][ln:828]
[2024-12-06 08:51:46,109][INFO] any info message - [id:10][instance:7] - [COMP-8][file-2.c][function-8][ln:622]
[2024-12-06 08:51:47,611][INFO] any info message - [id:10][instance:6] - [COMP-4][file-13.c][function-1][ln:944]
[2024-12-06 08:51:49,111][INFO] any info message - [id:10][instance:2] - [COMP-8][file-10.c][function-12][ln:415]
[2024-12-06 08:51:50,617][INFO] any info message - [id:10][instance:1] - [COMP-1][file-8.c][function-8][ln:651]
[2024-12-06 08:51:52,124][INFO] any info message - [id:10][instance:2] - [COMP-12][file-10.c][function-11][ln:736]
[2024-12-06 08:51:53,626][INFO] any info message - [id:10][instance:4] - [COMP-5][file-1.c][function-5][ln:909]
[2024-12-06 08:51:55,109][DEBUG] any debug message - [id:10][instance:5] - [COMP-12][file-5.c][function-5][ln:524]
[2024-12-06 08:51:55,130][INFO] any info message - [id:10][instance:7] - [COMP-7][file-13.c][function-4][ln:653]
[2024-12-06 08:51:56,636][INFO] any info message - [id:10][instance:6] - [COMP-2][file-9.c][function-3][ln:932]
[2024-12-06 08:51:58,140][INFO] any info message - [id:10][instance:3] - [COMP-1][file-9.c][function-10][ln:106]
[2024-12-06 08:51:59,648][INFO] any info message - [id:10][instance:3] - [COMP-9][file-13.c][function-5][ln:59]
[2024-12-06 08:52:01,149][INFO] any info message - [id:10][instance:5] - [COMP-9][file-4.c][function-1][ln:410]
[2024-12-06 08:52:02,690][INFO] any info message - [id:10][instance:1] - [COMP-1][file-2.c][function-11][ln:493]
[2024-12-06 08:52:04,237][INFO] any info message - [id:10][instance:3] - [COMP-3][file-2.c][function-8][ln:987]
[2024-12-06 08:52:05,752][INFO] any info message - [id:10][instance:5] - [COMP-12][file-5.c][function-5][ln:154]
[2024-12-06 08:52:07,265][INFO] any info message - [id:10][instance:7] - [COMP-12][file-4.c][function-13][ln:379]
[2024-12-06 08:52:08,781][INFO] any info message - [id:10][instance:5] - [COMP-6][file-1.c][function-1][ln:393]
[2024-12-06 08:52:10,120][DEBUG] any debug message - [id:10][instance:2] - [COMP-1][file-8.c][function-11][ln:976]
[2024-12-06 08:52:10,282][INFO] any info message - [id:10][instance:5] - [COMP-9][file-7.c][function-5][ln:836]
[2024-12-06 08:52:11,797][INFO] any info message - [id:10][instance:3] - [COMP-5][file-8.c][function-4][ln:64]
[2024-12-06 08:52:13,298][INFO] any info message - [id:10][instance:4] - [COMP-12][file-7.c][function-5][ln:71]
[2024-12-06 08:52:13,571][WARNING] Here is a warning message - [id:10][instance:7] - [COMP-10][file-12.c][function-12][ln:766]
[2024-12-06 08:52:14,801][INFO] any info message - [id:10][instance:4] - [COMP-8][file-12.c][function-2][ln:160]
[2024-12-06 08:52:16,302][INFO] any info message - [id:10][instance:1] - [COMP-5][file-11.c][function-10][ln:555]
[2024-12-06 08:52:17,813][INFO] any info message - [id:10][instance:4] - [COMP-10][file-2.c][function-13][ln:284]
[2024-12-06 08:52:19,343][INFO] any info message - [id:10][instance:4] - [COMP-3][file-10.c][function-10][ln:929]
[2024-12-06 08:52:20,845][INFO] any info message - [id:10][instance:1] - [COMP-1][file-5.c][function-5][ln:922]
[2024-12-06 08:52:22,347][INFO] any info message - [id:10][instance:6] - [COMP-4][file-5.c][function-8][ln:138]
[2024-12-06 08:52:23,849][INFO] any info message - [id:10][instance:6] - [COMP-7][file-3.c][function-1][ln:785]
[2024-12-06 08:52:25,122][DEBUG] any debug message - [id:10][instance:5] - [COMP-11][file-7.c][function-2][ln:61]
[2024-12-06 08:52:25,361][INFO] any info message - [id:10][instance:6] - [COMP-12][file-8.c][function-11][ln:770]
[2024-12-06 08:52:26,862][INFO] any info message - [id:10][instance:4] - [COMP-2][file-13.c][function-7][ln:579]
[2024-12-06 08:52:27,577][CRITICAL] ATTENTION: This is a critical issue! - [id:10][instance:4] - [COMP-3][file-9.c][function-12][ln:508]
[2024-12-06 08:52:28,365][INFO] any info message - [id:10][instance:7] - [COMP-1][file-8.c][function-10][ln:155]
[2024-12-06 08:52:29,873][INFO] any info message - [id:10][instance:1] - [COMP-3][file-7.c][function-3][ln:596]
[2024-12-06 08:52:31,377][INFO] any info message - [id:10][instance:4] - [COMP-5][file-12.c][function-9][ln:255]
[2024-12-06 08:52:32,744][ERROR] It is an error message - [id:10][instance:4] - [COMP-12][file-13.c][function-12][ln:760]
[2024-12-06 08:52:32,935][INFO] any info message - [id:10][instance:6] - [COMP-12][file-5.c][function-7][ln:61]
[2024-12-06 08:52:34,436][INFO] any info message - [id:10][instance:5] - [COMP-7][file-5.c][function-9][ln:175]
[2024-12-06 08:52:35,942][INFO] any info message - [id:10][instance:7] - [COMP-4][file-6.c][function-11][ln:77]
[2024-12-06 08:52:37,444][INFO] any info message - [id:10][instance:6] - [COMP-9][file-12.c][function-11][ln:441]
[2024-12-06 08:52:38,946][INFO] any info message - [id:10][instance:3] - [COMP-11][file-5.c][function-10][ln:55]
[2024-12-06 08:52:40,127][DEBUG] any debug message - [id:10][instance:5] - [COMP-3][file-4.c][function-7][ln:467]
[2024-12-06 08:52:40,453][INFO] any info message - [id:10][instance:6] - [COMP-9][file-12.c][function-5][ln:847]
[2024-12-06 08:52:41,957][INFO] any info message - [id:10][instance:6] - [COMP-3][file-9.c][function-10][ln:807]
[2024-12-06 08:52:43,525][INFO] any info message - [id:10][instance:6] - [COMP-9][file-10.c][function-7][ln:12]
[2024-12-06 08:52:43,584][WARNING] Here is a warning message - [id:10][instance:3] - [COMP-6][file-3.c][function-2][ln:796]
[2024-12-06 08:52:45,030][INFO] any info message - [id:10][instance:3] - [COMP-5][file-4.c][function-9][ln:156]
[2024-12-06 08:52:46,533][INFO] any info message - [id:10][instance:4] - [COMP-13][file-10.c][function-4][ln:317]
[2024-12-06 08:52:48,035][INFO] any info message - [id:10][instance:5] - [COMP-1][file-8.c][function-12][ln:880]
[2024-12-06 08:52:49,548][INFO] any info message - [id:10][instance:5] - [COMP-10][file-6.c][function-7][ln:11]
[2024-12-06 08:52:51,055][INFO] any info message - [id:10][instance:3] - [COMP-8][file-10.c][function-3][ln:310]
[2024-12-06 08:52:52,563][INFO] any info message - [id:10][instance:2] - [COMP-7][file-4.c][function-1][ln:919]
[2024-12-06 08:52:54,077][INFO] any info message - [id:10][instance:3] - [COMP-2][file-7.c][function-7][ln:474]
[2024-12-06 08:52:55,144][DEBUG] any debug message - [id:10][instance:4] - [COMP-12][file-5.c][function-7][ln:481]
[2024-12-06 08:52:55,596][INFO] any info message - [id:10][instance:6] - [COMP-4][file-3.c][function-7][ln:890]
[2024-12-06 08:52:57,112][INFO] any info message - [id:10][instance:4] - [COMP-1][file-5.c][function-6][ln:755]
[2024-12-06 08:52:58,614][INFO] any info message - [id:10][instance:6] - [COMP-3][file-6.c][function-13][ln:518]
[2024-12-06 08:53:00,115][INFO] any info message - [id:10][instance:2] - [COMP-9][file-11.c][function-12][ln:759]
[2024-12-06 08:53:01,620][INFO] any info message - [id:10][instance:1] - [COMP-2][file-1.c][function-11][ln:64]
[2024-12-06 08:53:03,148][INFO] any info message - [id:10][instance:5] - [COMP-2][file-4.c][function-8][ln:44]
[2024-12-06 08:53:04,650][INFO] any info message - [id:10][instance:2] - [COMP-5][file-5.c][function-13][ln:476]
[2024-12-06 08:53:06,184][INFO] any info message - [id:10][instance:2] - [COMP-3][file-2.c][function-10][ln:36]
[2024-12-06 08:53:07,737][INFO] any info message - [id:10][instance:6] - [COMP-8][file-3.c][function-6][ln:968]
[2024-12-06 08:53:09,254][INFO] any info message - [id:10][instance:6] - [COMP-5][file-8.c][function-2][ln:853]
[2024-12-06 08:53:10,163][DEBUG] any debug message - [id:10][instance:6] - [COMP-10][file-7.c][function-10][ln:100]
[2024-12-06 08:53:10,760][INFO] any info message - [id:10][instance:7] - [COMP-8][file-9.c][function-13][ln:425]
[2024-12-06 08:53:12,261][INFO] any info message - [id:10][instance:7] - [COMP-3][file-3.c][function-6][ln:407]
[2024-12-06 08:53:13,604][WARNING] Here is a warning message - [id:10][instance:3] - [COMP-9][file-8.c][function-7][ln:90]
[2024-12-06 08:53:13,817][INFO] any info message - [id:10][instance:4] - [COMP-4][file-5.c][function-2][ln:728]
[2024-12-06 08:53:15,325][INFO] any info message - [id:10][instance:5] - [COMP-1][file-6.c][function-2][ln:997]
[2024-12-06 08:53:16,830][INFO] any info message - [id:10][instance:4] - [COMP-7][file-13.c][function-4][ln:785]
[2024-12-06 08:53:18,328][INFO] any info message - [id:10][instance:4] - [COMP-1][file-4.c][function-6][ln:481]
[2024-12-06 08:53:19,845][INFO] any info message - [id:10][instance:2] - [COMP-4][file-13.c][function-4][ln:610]
[2024-12-06 08:53:21,346][INFO] any info message - [id:10][instance:5] - [COMP-6][file-2.c][function-5][ln:786]
[2024-12-06 08:53:22,851][INFO] any info message - [id:10][instance:2] - [COMP-13][file-9.c][function-4][ln:382]
[2024-12-06 08:53:24,358][INFO] any info message - [id:10][instance:5] - [COMP-4][file-5.c][function-8][ln:227]
[2024-12-06 08:53:25,191][DEBUG] any debug message - [id:10][instance:7] - [COMP-4][file-7.c][function-9][ln:848]
[2024-12-06 08:53:25,905][INFO] any info message - [id:10][instance:4] - [COMP-11][file-3.c][function-10][ln:841]
[2024-12-06 08:53:27,407][INFO] any info message - [id:10][instance:4] - [COMP-10][file-12.c][function-5][ln:175]
[2024-12-06 08:53:28,909][INFO] any info message - [id:10][instance:3] - [COMP-3][file-10.c][function-9][ln:847]
[2024-12-06 08:53:30,410][INFO] any info message - [id:10][instance:5] - [COMP-7][file-11.c][function-11][ln:463]
[2024-12-06 08:53:31,994][INFO] any info message - [id:10][instance:4] - [COMP-11][file-9.c][function-11][ln:726]
[2024-12-06 08:53:32,746][ERROR] It is an error message - [id:10][instance:3] - [COMP-12][file-11.c][function-11][ln:874]
[2024-12-06 08:53:33,497][INFO] any info message - [id:10][instance:6] - [COMP-11][file-11.c][function-1][ln:370]
[2024-12-06 08:53:35,008][INFO] any info message - [id:10][instance:5] - [COMP-3][file-9.c][function-8][ln:380]
[2024-12-06 08:53:36,540][INFO] any info message - [id:10][instance:4] - [COMP-7][file-7.c][function-1][ln:281]
[2024-12-06 08:53:38,061][INFO] any info message - [id:10][instance:3] - [COMP-1][file-12.c][function-3][ln:677]
[2024-12-06 08:53:39,562][INFO] any info message - [id:10][instance:5] - [COMP-9][file-6.c][function-4][ln:636]
[2024-12-06 08:53:40,198][DEBUG] any debug message - [id:10][instance:3] - [COMP-2][file-11.c][function-12][ln:842]
[2024-12-06 08:53:41,065][INFO] any info message - [id:10][instance:5] - [COMP-1][file-7.c][function-1][ln:9]
[2024-12-06 08:53:42,582][INFO] any info message - [id:10][instance:7] - [COMP-13][file-11.c][function-13][ln:321]
[2024-12-06 08:53:43,605][WARNING] Here is a warning message - [id:10][instance:7] - [COMP-6][file-9.c][function-4][ln:321]
[2024-12-06 08:53:44,083][INFO] any info message - [id:10][instance:7] - [COMP-7][file-8.c][function-6][ln:194]
[2024-12-06 08:53:45,595][INFO] any info message - [id:10][instance:6] - [COMP-10][file-4.c][function-8][ln:999]
[2024-12-06 08:53:47,100][INFO] any info message - [id:10][instance:7] - [COMP-1][file-9.c][function-10][ln:886]
[2024-12-06 08:53:48,679][INFO] any info message - [id:10][instance:4] - [COMP-8][file-9.c][function-12][ln:875]
